#
# There is insufficient memory for the Java Runtime Environment to continue.
# Native memory allocation (malloc) failed to allocate 98976 bytes for Chunk::new
# Possible reasons:
#   The system is out of physical RAM or swap space
#   The process is running with CompressedOops enabled, and the Java Heap may be blocking the growth of the native heap
# Possible solutions:
#   Reduce memory load on the system
#   Increase physical memory or swap space
#   Check if swap backing store is full
#   Decrease Java heap size (-Xmx/-Xms)
#   Decrease number of Java threads
#   Decrease Java thread stack sizes (-Xss)
#   Set larger code cache with -XX:ReservedCodeCacheSize=
#   JVM is running with Unscaled Compressed Oops mode in which the Java heap is
#     placed in the first 4GB address space. The Java Heap base address is the
#     maximum limit for the native heap growth. Please use -XX:HeapBaseMinAddress
#     to set the Java Heap base and to place the Java Heap above 4GB virtual address.
# This output file may be truncated or incomplete.
#
#  Out of Memory Error (arena.cpp:189), pid=32224, tid=22440
#
# JRE version: Java(TM) SE Runtime Environment (17.0.5+9) (build 17.0.5+9-LTS-191)
# Java VM: Java HotSpot(TM) 64-Bit Server VM (17.0.5+9-LTS-191, mixed mode, tiered, compressed oops, compressed class ptrs, g1 gc, windows-amd64)
# No core dump will be written. Minidumps are not enabled by default on client versions of Windows
#

---------------  S U M M A R Y ------------

Command Line: -Dfile.encoding=UTF-8 --module-path=C:\Users\NIDHI SHAH\Documents\NetBeansProjects\Electricity Billing System\build\classes electricity.billing.system.Project

Host: Intel(R) Core(TM) i5-1035G1 CPU @ 1.00GHz, 8 cores, 7G,  Windows 11 , 64 bit Build 22000 (10.0.22000.1335)
Time: Mon Jan  2 23:48:18 2023 India Standard Time elapsed time: 0.148198 seconds (0d 0h 0m 0s)

---------------  T H R E A D  ---------------

Current thread (0x00000193a2ae95f0):  JavaThread "main" [_thread_in_vm, id=22440, stack(0x00000066dc800000,0x00000066dc900000)]

Stack: [0x00000066dc800000,0x00000066dc900000]
Native frames: (J=compiled Java code, j=interpreted, Vv=VM code, C=native code)
V  [jvm.dll+0x672eea]
V  [jvm.dll+0x7d2a04]
V  [jvm.dll+0x7d41ae]
V  [jvm.dll+0x7d4813]
V  [jvm.dll+0x242c15]
V  [jvm.dll+0xaa57b]
V  [jvm.dll+0xaab0c]
V  [jvm.dll+0x1efcaa]
V  [jvm.dll+0x1eea22]
V  [jvm.dll+0x74c92b]
V  [jvm.dll+0x74dcd2]
V  [jvm.dll+0x74e469]
V  [jvm.dll+0x1e90a4]
V  [jvm.dll+0x1de2ba]
V  [jvm.dll+0x5393e0]
V  [jvm.dll+0x1eea87]
V  [jvm.dll+0x74c92b]
V  [jvm.dll+0x74dcd2]
V  [jvm.dll+0x74e469]
V  [jvm.dll+0x1e90a4]
V  [jvm.dll+0x1de2ba]
V  [jvm.dll+0x5393e0]
V  [jvm.dll+0x1eea87]
V  [jvm.dll+0x74c92b]
V  [jvm.dll+0x74dcd2]
V  [jvm.dll+0x74e469]
V  [jvm.dll+0x1e90a4]
V  [jvm.dll+0x1de2ba]
V  [jvm.dll+0x5393e0]
V  [jvm.dll+0x1eea87]
V  [jvm.dll+0x74c92b]
V  [jvm.dll+0x74dcd2]
V  [jvm.dll+0x74e469]
V  [jvm.dll+0x1e90a4]
V  [jvm.dll+0x1de2ba]
V  [jvm.dll+0x5393e0]
V  [jvm.dll+0x1eea87]
V  [jvm.dll+0x74c92b]
V  [jvm.dll+0x74dcd2]
V  [jvm.dll+0x4100b5]
C  [java.dll+0x1a55]

Java frames: (J=compiled Java code, j=interpreted, Vv=VM code)
j  java.lang.ClassLoader.findBootstrapClass(Ljava/lang/String;)Ljava/lang/Class;+0 java.base@17.0.5
j  java.lang.ClassLoader.findBootstrapClassOrNull(Ljava/lang/String;)Ljava/lang/Class;+10 java.base@17.0.5
j  java.lang.System$2.findBootstrapClassOrNull(Ljava/lang/String;)Ljava/lang/Class;+1 java.base@17.0.5
j  jdk.internal.loader.ClassLoaders$BootClassLoader.loadClassOrNull(Ljava/lang/String;Z)Ljava/lang/Class;+4 java.base@17.0.5
j  jdk.internal.loader.BuiltinClassLoader.loadClassOrNull(Ljava/lang/String;)Ljava/lang/Class;+3 java.base@17.0.5
j  jdk.internal.loader.BuiltinClassLoader.loadClassOrNull(Ljava/lang/String;Z)Ljava/lang/Class;+66 java.base@17.0.5
j  jdk.internal.loader.BuiltinClassLoader.loadClass(Ljava/lang/String;Z)Ljava/lang/Class;+3 java.base@17.0.5
j  jdk.internal.loader.ClassLoaders$AppClassLoader.loadClass(Ljava/lang/String;Z)Ljava/lang/Class;+36 java.base@17.0.5
j  java.lang.ClassLoader.loadClass(Ljava/lang/String;)Ljava/lang/Class;+3 java.base@17.0.5
v  ~StubRoutines::call_stub
j  java.lang.ClassLoader.defineClass1(Ljava/lang/ClassLoader;Ljava/lang/String;[BIILjava/security/ProtectionDomain;Ljava/lang/String;)Ljava/lang/Class;+0 java.base@17.0.5
j  java.lang.ClassLoader.defineClass(Ljava/lang/String;[BIILjava/security/ProtectionDomain;)Ljava/lang/Class;+27 java.base@17.0.5
j  java.security.SecureClassLoader.defineClass(Ljava/lang/String;[BIILjava/security/CodeSource;)Ljava/lang/Class;+12 java.base@17.0.5
j  jdk.internal.loader.BuiltinClassLoader.defineClass(Ljava/lang/String;Ljdk/internal/loader/Resource;)Ljava/lang/Class;+117 java.base@17.0.5
j  jdk.internal.loader.BuiltinClassLoader.findClassOnClassPathOrNull(Ljava/lang/String;)Ljava/lang/Class;+37 java.base@17.0.5
j  jdk.internal.loader.BuiltinClassLoader.loadClassOrNull(Ljava/lang/String;Z)Ljava/lang/Class;+111 java.base@17.0.5
j  jdk.internal.loader.BuiltinClassLoader.loadClass(Ljava/lang/String;Z)Ljava/lang/Class;+3 java.base@17.0.5
j  jdk.internal.loader.ClassLoaders$AppClassLoader.loadClass(Ljava/lang/String;Z)Ljava/lang/Class;+36 java.base@17.0.5
j  java.lang.ClassLoader.loadClass(Ljava/lang/String;)Ljava/lang/Class;+3 java.base@17.0.5
v  ~StubRoutines::call_stub
j  java.lang.Class.forName0(Ljava/lang/String;ZLjava/lang/ClassLoader;Ljava/lang/Class;)Ljava/lang/Class;+0 java.base@17.0.5
j  java.lang.Class.forName(Ljava/lang/String;ZLjava/lang/ClassLoader;)Ljava/lang/Class;+43 java.base@17.0.5
j  sun.launcher.LauncherHelper.loadMainClass(ILjava/lang/String;)Ljava/lang/Class;+95 java.base@17.0.5
j  sun.launcher.LauncherHelper.checkAndLoadMain(ZILjava/lang/String;)Ljava/lang/Class;+42 java.base@17.0.5
v  ~StubRoutines::call_stub

---------------  P R O C E S S  ---------------

Threads class SMR info:
_java_thread_list=0x00000193c165dd60, length=12, elements={
0x00000193a2ae95f0, 0x00000193c1412250, 0x00000193c0b1e5d0, 0x00000193c0aff190,
0x00000193c142aeb0, 0x00000193c142b770, 0x00000193c142c030, 0x00000193c142cdc0,
0x00000193c142f870, 0x00000193c1438270, 0x00000193c154a3f0, 0x00000193c1696400
}

Java Threads: ( => current thread )
=>0x00000193a2ae95f0 JavaThread "main" [_thread_in_vm, id=22440, stack(0x00000066dc800000,0x00000066dc900000)]
  0x00000193c1412250 JavaThread "Reference Handler" daemon [_thread_blocked, id=18652, stack(0x00000066dcf00000,0x00000066dd000000)]
  0x00000193c0b1e5d0 JavaThread "Finalizer" daemon [_thread_blocked, id=35744, stack(0x00000066dd000000,0x00000066dd100000)]
  0x00000193c0aff190 JavaThread "Signal Dispatcher" daemon [_thread_blocked, id=27896, stack(0x00000066dd100000,0x00000066dd200000)]
  0x00000193c142aeb0 JavaThread "Attach Listener" daemon [_thread_blocked, id=31832, stack(0x00000066dd200000,0x00000066dd300000)]
  0x00000193c142b770 JavaThread "Service Thread" daemon [_thread_blocked, id=10840, stack(0x00000066dd300000,0x00000066dd400000)]
  0x00000193c142c030 JavaThread "Monitor Deflation Thread" daemon [_thread_blocked, id=29816, stack(0x00000066dd400000,0x00000066dd500000)]
  0x00000193c142cdc0 JavaThread "C2 CompilerThread0" daemon [_thread_blocked, id=32708, stack(0x00000066dd500000,0x00000066dd600000)]
  0x00000193c142f870 JavaThread "C1 CompilerThread0" daemon [_thread_blocked, id=7508, stack(0x00000066dd600000,0x00000066dd700000)]
  0x00000193c1438270 JavaThread "Sweeper thread" daemon [_thread_blocked, id=2948, stack(0x00000066dd700000,0x00000066dd800000)]
  0x00000193c154a3f0 JavaThread "Common-Cleaner" daemon [_thread_blocked, id=18468, stack(0x00000066dd800000,0x00000066dd900000)]
  0x00000193c1696400 JavaThread "Notification Thread" daemon [_thread_blocked, id=28840, stack(0x00000066dd900000,0x00000066dda00000)]

Other Threads:
  0x00000193c0b1ac60 VMThread "VM Thread" [stack: 0x00000066dce00000,0x00000066dcf00000] [id=25160]
  0x00000193c16baf00 WatcherThread [stack: 0x00000066dda00000,0x00000066ddb00000] [id=9132]
  0x00000193a2b41d90 GCTaskThread "GC Thread#0" [stack: 0x00000066dc900000,0x00000066dca00000] [id=20320]
  0x00000193a2b52800 ConcurrentGCThread "G1 Main Marker" [stack: 0x00000066dca00000,0x00000066dcb00000] [id=34532]
  0x00000193a2b539b0 ConcurrentGCThread "G1 Conc#0" [stack: 0x00000066dcb00000,0x00000066dcc00000] [id=24340]
  0x00000193c09500b0 ConcurrentGCThread "G1 Refine#0" [stack: 0x00000066dcc00000,0x00000066dcd00000] [id=8028]
  0x00000193c0952990 ConcurrentGCThread "G1 Service" [stack: 0x00000066dcd00000,0x00000066dce00000] [id=33388]

Threads with active compile tasks:

VM state: not at safepoint (normal execution)

VM Mutex/Monitor currently owned by a thread: None

Heap address: 0x0000000083800000, size: 1992 MB, Compressed Oops mode: 32-bit

CDS archive(s) not mapped
Compressed class space mapped at: 0x0000000100000000-0x0000000140000000, reserved size: 1073741824
Narrow klass base: 0x0000000000000000, Narrow klass shift: 3, Narrow klass range: 0x140000000

GC Precious Log:
 CPUs: 8 total, 8 available
 Memory: 7967M
 Large Page Support: Disabled
 NUMA Support: Disabled
 Compressed Oops: Enabled (32-bit)
 Heap Region Size: 1M
 Heap Min Capacity: 8M
 Heap Initial Capacity: 126M
 Heap Max Capacity: 1992M
 Pre-touch: Disabled
 Parallel Workers: 8
 Concurrent Workers: 2
 Concurrent Refinement Workers: 8
 Periodic GC: Disabled

Heap:
 garbage-first heap   total 129024K, used 1024K [0x0000000083800000, 0x0000000100000000)
  region size 1024K, 3 young (3072K), 0 survivors (0K)
 Metaspace       used 6443K, committed 6592K, reserved 1056768K
  class space    used 539K, committed 576K, reserved 1048576K

Heap Regions: E=young(eden), S=young(survivor), O=old, HS=humongous(starts), HC=humongous(continues), CS=collection set, F=free, OA=open archive, CA=closed archive, TAMS=top-at-mark-start (previous, next)
|   0|0x0000000083800000, 0x0000000083800000, 0x0000000083900000|  0%| F|  |TAMS 0x0000000083800000, 0x0000000083800000| Untracked 
|   1|0x0000000083900000, 0x0000000083900000, 0x0000000083a00000|  0%| F|  |TAMS 0x0000000083900000, 0x0000000083900000| Untracked 
|   2|0x0000000083a00000, 0x0000000083a00000, 0x0000000083b00000|  0%| F|  |TAMS 0x0000000083a00000, 0x0000000083a00000| Untracked 
|   3|0x0000000083b00000, 0x0000000083b00000, 0x0000000083c00000|  0%| F|  |TAMS 0x0000000083b00000, 0x0000000083b00000| Untracked 
|   4|0x0000000083c00000, 0x0000000083c00000, 0x0000000083d00000|  0%| F|  |TAMS 0x0000000083c00000, 0x0000000083c00000| Untracked 
|   5|0x0000000083d00000, 0x0000000083d00000, 0x0000000083e00000|  0%| F|  |TAMS 0x0000000083d00000, 0x0000000083d00000| Untracked 
|   6|0x0000000083e00000, 0x0000000083e00000, 0x0000000083f00000|  0%| F|  |TAMS 0x0000000083e00000, 0x0000000083e00000| Untracked 
|   7|0x0000000083f00000, 0x0000000083f00000, 0x0000000084000000|  0%| F|  |TAMS 0x0000000083f00000, 0x0000000083f00000| Untracked 
|   8|0x0000000084000000, 0x0000000084000000, 0x0000000084100000|  0%| F|  |TAMS 0x0000000084000000, 0x0000000084000000| Untracked 
|   9|0x0000000084100000, 0x0000000084100000, 0x0000000084200000|  0%| F|  |TAMS 0x0000000084100000, 0x0000000084100000| Untracked 
|  10|0x0000000084200000, 0x0000000084200000, 0x0000000084300000|  0%| F|  |TAMS 0x0000000084200000, 0x0000000084200000| Untracked 
|  11|0x0000000084300000, 0x0000000084300000, 0x0000000084400000|  0%| F|  |TAMS 0x0000000084300000, 0x0000000084300000| Untracked 
|  12|0x0000000084400000, 0x0000000084400000, 0x0000000084500000|  0%| F|  |TAMS 0x0000000084400000, 0x0000000084400000| Untracked 
|  13|0x0000000084500000, 0x0000000084500000, 0x0000000084600000|  0%| F|  |TAMS 0x0000000084500000, 0x0000000084500000| Untracked 
|  14|0x0000000084600000, 0x0000000084600000, 0x0000000084700000|  0%| F|  |TAMS 0x0000000084600000, 0x0000000084600000| Untracked 
|  15|0x0000000084700000, 0x0000000084700000, 0x0000000084800000|  0%| F|  |TAMS 0x0000000084700000, 0x0000000084700000| Untracked 
|  16|0x0000000084800000, 0x0000000084800000, 0x0000000084900000|  0%| F|  |TAMS 0x0000000084800000, 0x0000000084800000| Untracked 
|  17|0x0000000084900000, 0x0000000084900000, 0x0000000084a00000|  0%| F|  |TAMS 0x0000000084900000, 0x0000000084900000| Untracked 
|  18|0x0000000084a00000, 0x0000000084a00000, 0x0000000084b00000|  0%| F|  |TAMS 0x0000000084a00000, 0x0000000084a00000| Untracked 
|  19|0x0000000084b00000, 0x0000000084b00000, 0x0000000084c00000|  0%| F|  |TAMS 0x0000000084b00000, 0x0000000084b00000| Untracked 
|  20|0x0000000084c00000, 0x0000000084c00000, 0x0000000084d00000|  0%| F|  |TAMS 0x0000000084c00000, 0x0000000084c00000| Untracked 
|  21|0x0000000084d00000, 0x0000000084d00000, 0x0000000084e00000|  0%| F|  |TAMS 0x0000000084d00000, 0x0000000084d00000| Untracked 
|  22|0x0000000084e00000, 0x0000000084e00000, 0x0000000084f00000|  0%| F|  |TAMS 0x0000000084e00000, 0x0000000084e00000| Untracked 
|  23|0x0000000084f00000, 0x0000000084f00000, 0x0000000085000000|  0%| F|  |TAMS 0x0000000084f00000, 0x0000000084f00000| Untracked 
|  24|0x0000000085000000, 0x0000000085000000, 0x0000000085100000|  0%| F|  |TAMS 0x0000000085000000, 0x0000000085000000| Untracked 
|  25|0x0000000085100000, 0x0000000085100000, 0x0000000085200000|  0%| F|  |TAMS 0x0000000085100000, 0x0000000085100000| Untracked 
|  26|0x0000000085200000, 0x0000000085200000, 0x0000000085300000|  0%| F|  |TAMS 0x0000000085200000, 0x0000000085200000| Untracked 
|  27|0x0000000085300000, 0x0000000085300000, 0x0000000085400000|  0%| F|  |TAMS 0x0000000085300000, 0x0000000085300000| Untracked 
|  28|0x0000000085400000, 0x0000000085400000, 0x0000000085500000|  0%| F|  |TAMS 0x0000000085400000, 0x0000000085400000| Untracked 
|  29|0x0000000085500000, 0x0000000085500000, 0x0000000085600000|  0%| F|  |TAMS 0x0000000085500000, 0x0000000085500000| Untracked 
|  30|0x0000000085600000, 0x0000000085600000, 0x0000000085700000|  0%| F|  |TAMS 0x0000000085600000, 0x0000000085600000| Untracked 
|  31|0x0000000085700000, 0x0000000085700000, 0x0000000085800000|  0%| F|  |TAMS 0x0000000085700000, 0x0000000085700000| Untracked 
|  32|0x0000000085800000, 0x0000000085800000, 0x0000000085900000|  0%| F|  |TAMS 0x0000000085800000, 0x0000000085800000| Untracked 
|  33|0x0000000085900000, 0x0000000085900000, 0x0000000085a00000|  0%| F|  |TAMS 0x0000000085900000, 0x0000000085900000| Untracked 
|  34|0x0000000085a00000, 0x0000000085a00000, 0x0000000085b00000|  0%| F|  |TAMS 0x0000000085a00000, 0x0000000085a00000| Untracked 
|  35|0x0000000085b00000, 0x0000000085b00000, 0x0000000085c00000|  0%| F|  |TAMS 0x0000000085b00000, 0x0000000085b00000| Untracked 
|  36|0x0000000085c00000, 0x0000000085c00000, 0x0000000085d00000|  0%| F|  |TAMS 0x0000000085c00000, 0x0000000085c00000| Untracked 
|  37|0x0000000085d00000, 0x0000000085d00000, 0x0000000085e00000|  0%| F|  |TAMS 0x0000000085d00000, 0x0000000085d00000| Untracked 
|  38|0x0000000085e00000, 0x0000000085e00000, 0x0000000085f00000|  0%| F|  |TAMS 0x0000000085e00000, 0x0000000085e00000| Untracked 
|  39|0x0000000085f00000, 0x0000000085f00000, 0x0000000086000000|  0%| F|  |TAMS 0x0000000085f00000, 0x0000000085f00000| Untracked 
|  40|0x0000000086000000, 0x0000000086000000, 0x0000000086100000|  0%| F|  |TAMS 0x0000000086000000, 0x0000000086000000| Untracked 
|  41|0x0000000086100000, 0x0000000086100000, 0x0000000086200000|  0%| F|  |TAMS 0x0000000086100000, 0x0000000086100000| Untracked 
|  42|0x0000000086200000, 0x0000000086200000, 0x0000000086300000|  0%| F|  |TAMS 0x0000000086200000, 0x0000000086200000| Untracked 
|  43|0x0000000086300000, 0x0000000086300000, 0x0000000086400000|  0%| F|  |TAMS 0x0000000086300000, 0x0000000086300000| Untracked 
|  44|0x0000000086400000, 0x0000000086400000, 0x0000000086500000|  0%| F|  |TAMS 0x0000000086400000, 0x0000000086400000| Untracked 
|  45|0x0000000086500000, 0x0000000086500000, 0x0000000086600000|  0%| F|  |TAMS 0x0000000086500000, 0x0000000086500000| Untracked 
|  46|0x0000000086600000, 0x0000000086600000, 0x0000000086700000|  0%| F|  |TAMS 0x0000000086600000, 0x0000000086600000| Untracked 
|  47|0x0000000086700000, 0x0000000086700000, 0x0000000086800000|  0%| F|  |TAMS 0x0000000086700000, 0x0000000086700000| Untracked 
|  48|0x0000000086800000, 0x0000000086800000, 0x0000000086900000|  0%| F|  |TAMS 0x0000000086800000, 0x0000000086800000| Untracked 
|  49|0x0000000086900000, 0x0000000086900000, 0x0000000086a00000|  0%| F|  |TAMS 0x0000000086900000, 0x0000000086900000| Untracked 
|  50|0x0000000086a00000, 0x0000000086a00000, 0x0000000086b00000|  0%| F|  |TAMS 0x0000000086a00000, 0x0000000086a00000| Untracked 
|  51|0x0000000086b00000, 0x0000000086b00000, 0x0000000086c00000|  0%| F|  |TAMS 0x0000000086b00000, 0x0000000086b00000| Untracked 
|  52|0x0000000086c00000, 0x0000000086c00000, 0x0000000086d00000|  0%| F|  |TAMS 0x0000000086c00000, 0x0000000086c00000| Untracked 
|  53|0x0000000086d00000, 0x0000000086d00000, 0x0000000086e00000|  0%| F|  |TAMS 0x0000000086d00000, 0x0000000086d00000| Untracked 
|  54|0x0000000086e00000, 0x0000000086e00000, 0x0000000086f00000|  0%| F|  |TAMS 0x0000000086e00000, 0x0000000086e00000| Untracked 
|  55|0x0000000086f00000, 0x0000000086f00000, 0x0000000087000000|  0%| F|  |TAMS 0x0000000086f00000, 0x0000000086f00000| Untracked 
|  56|0x0000000087000000, 0x0000000087000000, 0x0000000087100000|  0%| F|  |TAMS 0x0000000087000000, 0x0000000087000000| Untracked 
|  57|0x0000000087100000, 0x0000000087100000, 0x0000000087200000|  0%| F|  |TAMS 0x0000000087100000, 0x0000000087100000| Untracked 
|  58|0x0000000087200000, 0x0000000087200000, 0x0000000087300000|  0%| F|  |TAMS 0x0000000087200000, 0x0000000087200000| Untracked 
|  59|0x0000000087300000, 0x0000000087300000, 0x0000000087400000|  0%| F|  |TAMS 0x0000000087300000, 0x0000000087300000| Untracked 
|  60|0x0000000087400000, 0x0000000087400000, 0x0000000087500000|  0%| F|  |TAMS 0x0000000087400000, 0x0000000087400000| Untracked 
|  61|0x0000000087500000, 0x0000000087500000, 0x0000000087600000|  0%| F|  |TAMS 0x0000000087500000, 0x0000000087500000| Untracked 
|  62|0x0000000087600000, 0x0000000087600000, 0x0000000087700000|  0%| F|  |TAMS 0x0000000087600000, 0x0000000087600000| Untracked 
|  63|0x0000000087700000, 0x0000000087700000, 0x0000000087800000|  0%| F|  |TAMS 0x0000000087700000, 0x0000000087700000| Untracked 
|  64|0x0000000087800000, 0x0000000087800000, 0x0000000087900000|  0%| F|  |TAMS 0x0000000087800000, 0x0000000087800000| Untracked 
|  65|0x0000000087900000, 0x0000000087900000, 0x0000000087a00000|  0%| F|  |TAMS 0x0000000087900000, 0x0000000087900000| Untracked 
|  66|0x0000000087a00000, 0x0000000087a00000, 0x0000000087b00000|  0%| F|  |TAMS 0x0000000087a00000, 0x0000000087a00000| Untracked 
|  67|0x0000000087b00000, 0x0000000087b00000, 0x0000000087c00000|  0%| F|  |TAMS 0x0000000087b00000, 0x0000000087b00000| Untracked 
|  68|0x0000000087c00000, 0x0000000087c00000, 0x0000000087d00000|  0%| F|  |TAMS 0x0000000087c00000, 0x0000000087c00000| Untracked 
|  69|0x0000000087d00000, 0x0000000087d00000, 0x0000000087e00000|  0%| F|  |TAMS 0x0000000087d00000, 0x0000000087d00000| Untracked 
|  70|0x0000000087e00000, 0x0000000087e00000, 0x0000000087f00000|  0%| F|  |TAMS 0x0000000087e00000, 0x0000000087e00000| Untracked 
|  71|0x0000000087f00000, 0x0000000087f00000, 0x0000000088000000|  0%| F|  |TAMS 0x0000000087f00000, 0x0000000087f00000| Untracked 
|  72|0x0000000088000000, 0x0000000088000000, 0x0000000088100000|  0%| F|  |TAMS 0x0000000088000000, 0x0000000088000000| Untracked 
|  73|0x0000000088100000, 0x0000000088100000, 0x0000000088200000|  0%| F|  |TAMS 0x0000000088100000, 0x0000000088100000| Untracked 
|  74|0x0000000088200000, 0x0000000088200000, 0x0000000088300000|  0%| F|  |TAMS 0x0000000088200000, 0x0000000088200000| Untracked 
|  75|0x0000000088300000, 0x0000000088300000, 0x0000000088400000|  0%| F|  |TAMS 0x0000000088300000, 0x0000000088300000| Untracked 
|  76|0x0000000088400000, 0x0000000088400000, 0x0000000088500000|  0%| F|  |TAMS 0x0000000088400000, 0x0000000088400000| Untracked 
|  77|0x0000000088500000, 0x0000000088500000, 0x0000000088600000|  0%| F|  |TAMS 0x0000000088500000, 0x0000000088500000| Untracked 
|  78|0x0000000088600000, 0x0000000088600000, 0x0000000088700000|  0%| F|  |TAMS 0x0000000088600000, 0x0000000088600000| Untracked 
|  79|0x0000000088700000, 0x0000000088700000, 0x0000000088800000|  0%| F|  |TAMS 0x0000000088700000, 0x0000000088700000| Untracked 
|  80|0x0000000088800000, 0x0000000088800000, 0x0000000088900000|  0%| F|  |TAMS 0x0000000088800000, 0x0000000088800000| Untracked 
|  81|0x0000000088900000, 0x0000000088900000, 0x0000000088a00000|  0%| F|  |TAMS 0x0000000088900000, 0x0000000088900000| Untracked 
|  82|0x0000000088a00000, 0x0000000088a00000, 0x0000000088b00000|  0%| F|  |TAMS 0x0000000088a00000, 0x0000000088a00000| Untracked 
|  83|0x0000000088b00000, 0x0000000088b00000, 0x0000000088c00000|  0%| F|  |TAMS 0x0000000088b00000, 0x0000000088b00000| Untracked 
|  84|0x0000000088c00000, 0x0000000088c00000, 0x0000000088d00000|  0%| F|  |TAMS 0x0000000088c00000, 0x0000000088c00000| Untracked 
|  85|0x0000000088d00000, 0x0000000088d00000, 0x0000000088e00000|  0%| F|  |TAMS 0x0000000088d00000, 0x0000000088d00000| Untracked 
|  86|0x0000000088e00000, 0x0000000088e00000, 0x0000000088f00000|  0%| F|  |TAMS 0x0000000088e00000, 0x0000000088e00000| Untracked 
|  87|0x0000000088f00000, 0x0000000088f00000, 0x0000000089000000|  0%| F|  |TAMS 0x0000000088f00000, 0x0000000088f00000| Untracked 
|  88|0x0000000089000000, 0x0000000089000000, 0x0000000089100000|  0%| F|  |TAMS 0x0000000089000000, 0x0000000089000000| Untracked 
|  89|0x0000000089100000, 0x0000000089100000, 0x0000000089200000|  0%| F|  |TAMS 0x0000000089100000, 0x0000000089100000| Untracked 
|  90|0x0000000089200000, 0x0000000089200000, 0x0000000089300000|  0%| F|  |TAMS 0x0000000089200000, 0x0000000089200000| Untracked 
|  91|0x0000000089300000, 0x0000000089300000, 0x0000000089400000|  0%| F|  |TAMS 0x0000000089300000, 0x0000000089300000| Untracked 
|  92|0x0000000089400000, 0x0000000089400000, 0x0000000089500000|  0%| F|  |TAMS 0x0000000089400000, 0x0000000089400000| Untracked 
|  93|0x0000000089500000, 0x0000000089500000, 0x0000000089600000|  0%| F|  |TAMS 0x0000000089500000, 0x0000000089500000| Untracked 
|  94|0x0000000089600000, 0x0000000089600000, 0x0000000089700000|  0%| F|  |TAMS 0x0000000089600000, 0x0000000089600000| Untracked 
|  95|0x0000000089700000, 0x0000000089700000, 0x0000000089800000|  0%| F|  |TAMS 0x0000000089700000, 0x0000000089700000| Untracked 
|  96|0x0000000089800000, 0x0000000089800000, 0x0000000089900000|  0%| F|  |TAMS 0x0000000089800000, 0x0000000089800000| Untracked 
|  97|0x0000000089900000, 0x0000000089900000, 0x0000000089a00000|  0%| F|  |TAMS 0x0000000089900000, 0x0000000089900000| Untracked 
|  98|0x0000000089a00000, 0x0000000089a00000, 0x0000000089b00000|  0%| F|  |TAMS 0x0000000089a00000, 0x0000000089a00000| Untracked 
|  99|0x0000000089b00000, 0x0000000089b00000, 0x0000000089c00000|  0%| F|  |TAMS 0x0000000089b00000, 0x0000000089b00000| Untracked 
| 100|0x0000000089c00000, 0x0000000089c00000, 0x0000000089d00000|  0%| F|  |TAMS 0x0000000089c00000, 0x0000000089c00000| Untracked 
| 101|0x0000000089d00000, 0x0000000089d00000, 0x0000000089e00000|  0%| F|  |TAMS 0x0000000089d00000, 0x0000000089d00000| Untracked 
| 102|0x0000000089e00000, 0x0000000089e00000, 0x0000000089f00000|  0%| F|  |TAMS 0x0000000089e00000, 0x0000000089e00000| Untracked 
| 103|0x0000000089f00000, 0x0000000089f00000, 0x000000008a000000|  0%| F|  |TAMS 0x0000000089f00000, 0x0000000089f00000| Untracked 
| 104|0x000000008a000000, 0x000000008a000000, 0x000000008a100000|  0%| F|  |TAMS 0x000000008a000000, 0x000000008a000000| Untracked 
| 105|0x000000008a100000, 0x000000008a100000, 0x000000008a200000|  0%| F|  |TAMS 0x000000008a100000, 0x000000008a100000| Untracked 
| 106|0x000000008a200000, 0x000000008a200000, 0x000000008a300000|  0%| F|  |TAMS 0x000000008a200000, 0x000000008a200000| Untracked 
| 107|0x000000008a300000, 0x000000008a300000, 0x000000008a400000|  0%| F|  |TAMS 0x000000008a300000, 0x000000008a300000| Untracked 
| 108|0x000000008a400000, 0x000000008a400000, 0x000000008a500000|  0%| F|  |TAMS 0x000000008a400000, 0x000000008a400000| Untracked 
| 109|0x000000008a500000, 0x000000008a500000, 0x000000008a600000|  0%| F|  |TAMS 0x000000008a500000, 0x000000008a500000| Untracked 
| 110|0x000000008a600000, 0x000000008a600000, 0x000000008a700000|  0%| F|  |TAMS 0x000000008a600000, 0x000000008a600000| Untracked 
| 111|0x000000008a700000, 0x000000008a700000, 0x000000008a800000|  0%| F|  |TAMS 0x000000008a700000, 0x000000008a700000| Untracked 
| 112|0x000000008a800000, 0x000000008a800000, 0x000000008a900000|  0%| F|  |TAMS 0x000000008a800000, 0x000000008a800000| Untracked 
| 113|0x000000008a900000, 0x000000008a900000, 0x000000008aa00000|  0%| F|  |TAMS 0x000000008a900000, 0x000000008a900000| Untracked 
| 114|0x000000008aa00000, 0x000000008aa00000, 0x000000008ab00000|  0%| F|  |TAMS 0x000000008aa00000, 0x000000008aa00000| Untracked 
| 115|0x000000008ab00000, 0x000000008ab00000, 0x000000008ac00000|  0%| F|  |TAMS 0x000000008ab00000, 0x000000008ab00000| Untracked 
| 116|0x000000008ac00000, 0x000000008ac00000, 0x000000008ad00000|  0%| F|  |TAMS 0x000000008ac00000, 0x000000008ac00000| Untracked 
| 117|0x000000008ad00000, 0x000000008ad00000, 0x000000008ae00000|  0%| F|  |TAMS 0x000000008ad00000, 0x000000008ad00000| Untracked 
| 118|0x000000008ae00000, 0x000000008ae00000, 0x000000008af00000|  0%| F|  |TAMS 0x000000008ae00000, 0x000000008ae00000| Untracked 
| 119|0x000000008af00000, 0x000000008af00000, 0x000000008b000000|  0%| F|  |TAMS 0x000000008af00000, 0x000000008af00000| Untracked 
| 120|0x000000008b000000, 0x000000008b000000, 0x000000008b100000|  0%| F|  |TAMS 0x000000008b000000, 0x000000008b000000| Untracked 
| 121|0x000000008b100000, 0x000000008b100000, 0x000000008b200000|  0%| F|  |TAMS 0x000000008b100000, 0x000000008b100000| Untracked 
| 122|0x000000008b200000, 0x000000008b200000, 0x000000008b300000|  0%| F|  |TAMS 0x000000008b200000, 0x000000008b200000| Untracked 
| 123|0x000000008b300000, 0x000000008b3195a0, 0x000000008b400000|  9%| E|  |TAMS 0x000000008b300000, 0x000000008b300000| Complete 
| 124|0x000000008b400000, 0x000000008b500000, 0x000000008b500000|100%| E|  |TAMS 0x000000008b400000, 0x000000008b400000| Complete 
| 125|0x000000008b500000, 0x000000008b600000, 0x000000008b600000|100%| E|CS|TAMS 0x000000008b500000, 0x000000008b500000| Complete 

Card table byte_map: [0x00000193b9a70000,0x00000193b9e60000] _byte_map_base: 0x00000193b9654000

Marking Bits (Prev, Next): (CMBitMap*) 0x00000193a2b423a0, (CMBitMap*) 0x00000193a2b423e0
 Prev Bits: [0x00000193ba250000, 0x00000193bc170000)
 Next Bits: [0x00000193bc170000, 0x00000193be090000)

Polling page: 0x00000193a22b0000

Metaspace:

Usage:
  Non-class:      5.77 MB used.
      Class:    539.34 KB used.
       Both:      6.29 MB used.

Virtual space:
  Non-class space:        8.00 MB reserved,       5.88 MB ( 73%) committed,  1 nodes.
      Class space:        1.00 GB reserved,     576.00 KB ( <1%) committed,  1 nodes.
             Both:        1.01 GB reserved,       6.44 MB ( <1%) committed. 

Chunk freelists:
   Non-Class:  2.12 MB
       Class:  3.25 MB
        Both:  5.37 MB

MaxMetaspaceSize: unlimited
CompressedClassSpaceSize: 1.00 GB
Initial GC threshold: 21.00 MB
Current GC threshold: 21.00 MB
CDS: off
MetaspaceReclaimPolicy: balanced
 - commit_granule_bytes: 65536.
 - commit_granule_words: 8192.
 - virtual_space_node_default_size: 1048576.
 - enlarge_chunks_in_place: 1.
 - new_chunks_are_fully_committed: 0.
 - uncommit_free_chunks: 1.
 - use_allocation_guard: 0.
 - handle_deallocations: 1.


Internal statistics:

num_allocs_failed_limit: 0.
num_arena_births: 6.
num_arena_deaths: 0.
num_vsnodes_births: 2.
num_vsnodes_deaths: 0.
num_space_committed: 103.
num_space_uncommitted: 0.
num_chunks_returned_to_freelist: 0.
num_chunks_taken_from_freelist: 18.
num_chunk_merges: 0.
num_chunk_splits: 4.
num_chunks_enlarged: 1.
num_purges: 0.
num_inconsistent_stats: 0.

CodeHeap 'non-profiled nmethods': size=120000Kb used=66Kb max_used=66Kb free=119933Kb
 bounds [0x00000193b1e20000, 0x00000193b2090000, 0x00000193b9350000]
CodeHeap 'profiled nmethods': size=120000Kb used=242Kb max_used=242Kb free=119757Kb
 bounds [0x00000193aa8f0000, 0x00000193aab60000, 0x00000193b1e20000]
CodeHeap 'non-nmethods': size=5760Kb used=1108Kb max_used=1123Kb free=4651Kb
 bounds [0x00000193aa350000, 0x00000193aa5c0000, 0x00000193aa8f0000]
 total_blobs=585 nmethods=215 adapters=283
 compilation: enabled
              stopped_count=0, restarted_count=0
 full_count=0

Compilation events (20 events):
Event: 0.139 Thread 0x00000193c142f870 nmethod 205 0x00000193aa928f90 code [0x00000193aa929120, 0x00000193aa9292d8]
Event: 0.139 Thread 0x00000193c142f870  206       3       java.util.zip.ZipUtils::CENFLG (9 bytes)
Event: 0.139 Thread 0x00000193c142f870 nmethod 206 0x00000193aa929410 code [0x00000193aa9295a0, 0x00000193aa929758]
Event: 0.139 Thread 0x00000193c142f870  207       3       java.util.zip.ZipUtils::CENNAM (9 bytes)
Event: 0.139 Thread 0x00000193c142f870 nmethod 207 0x00000193aa929890 code [0x00000193aa929a20, 0x00000193aa929bd8]
Event: 0.139 Thread 0x00000193c142f870  209       3       java.util.zip.ZipFile$Source::isMetaName (141 bytes)
Event: 0.139 Thread 0x00000193c142f870 nmethod 209 0x00000193aa929d10 code [0x00000193aa929ec0, 0x00000193aa92a3d8]
Event: 0.139 Thread 0x00000193c142f870  210       3       java.util.zip.ZipFile$Source::nextEntryPos (22 bytes)
Event: 0.139 Thread 0x00000193c142f870 nmethod 210 0x00000193aa92a590 code [0x00000193aa92a740, 0x00000193aa92aa78]
Event: 0.139 Thread 0x00000193c142f870  208       3       java.util.zip.ZipFile$Source::zipCoderForPos (39 bytes)
Event: 0.139 Thread 0x00000193c142f870 nmethod 208 0x00000193aa92ac10 code [0x00000193aa92ade0, 0x00000193aa92b1c8]
Event: 0.140 Thread 0x00000193c142f870  211       3       java.util.zip.ZipUtils::CENCOM (9 bytes)
Event: 0.140 Thread 0x00000193c142f870 nmethod 211 0x00000193aa92b390 code [0x00000193aa92b520, 0x00000193aa92b6d8]
Event: 0.140 Thread 0x00000193c142f870  212       3       java.util.zip.ZipUtils::CENEXT (9 bytes)
Event: 0.140 Thread 0x00000193c142f870 nmethod 212 0x00000193aa92b810 code [0x00000193aa92b9a0, 0x00000193aa92bb58]
Event: 0.141 Thread 0x00000193c142cdc0 nmethod 213 0x00000193b1e30590 code [0x00000193b1e30720, 0x00000193b1e309b8]
Event: 0.141 Thread 0x00000193c142f870  214       3       java.lang.Math::max (11 bytes)
Event: 0.141 Thread 0x00000193c142f870 nmethod 214 0x00000193aa92bc90 code [0x00000193aa92be20, 0x00000193aa92bf58]
Event: 0.143 Thread 0x00000193c142f870  215       3       java.lang.String::substring (58 bytes)
Event: 0.143 Thread 0x00000193c142f870 nmethod 215 0x00000193aa92c010 code [0x00000193aa92c200, 0x00000193aa92c6a8]

GC Heap History (0 events):
No events

Deoptimization events (8 events):
Event: 0.132 Thread 0x00000193a2ae95f0 Uncommon trap: trap_request=0xffffff45 fr.pc=0x00000193b1e278f4 relative=0x0000000000000074
Event: 0.132 Thread 0x00000193a2ae95f0 Uncommon trap: reason=unstable_if action=reinterpret pc=0x00000193b1e278f4 method=java.lang.String.isLatin1()Z @ 10 c2
Event: 0.132 Thread 0x00000193a2ae95f0 DEOPT PACKING pc=0x00000193b1e278f4 sp=0x00000066dc8ff0c0
Event: 0.132 Thread 0x00000193a2ae95f0 DEOPT UNPACKING pc=0x00000193aa3a5ba3 sp=0x00000066dc8ff000 mode 2
Event: 0.143 Thread 0x00000193a2ae95f0 Uncommon trap: trap_request=0xffffff45 fr.pc=0x00000193b1e2f5dc relative=0x000000000000087c
Event: 0.143 Thread 0x00000193a2ae95f0 Uncommon trap: reason=unstable_if action=reinterpret pc=0x00000193b1e2f5dc method=java.util.HashMap.putVal(ILjava/lang/Object;Ljava/lang/Object;ZZ)Ljava/lang/Object; @ 81 c2
Event: 0.143 Thread 0x00000193a2ae95f0 DEOPT PACKING pc=0x00000193b1e2f5dc sp=0x00000066dc8fe5d0
Event: 0.143 Thread 0x00000193a2ae95f0 DEOPT UNPACKING pc=0x00000193aa3a5ba3 sp=0x00000066dc8fe570 mode 2

Classes unloaded (0 events):
No events

Classes redefined (0 events):
No events

Internal exceptions (4 events):
Event: 0.115 Thread 0x00000193a2ae95f0 Exception <a 'sun/nio/fs/WindowsException'{0x000000008b45a188}> (0x000000008b45a188) 
thrown [s\open\src\hotspot\share\prims\jni.cpp, line 516]
Event: 0.116 Thread 0x00000193a2ae95f0 Exception <a 'sun/nio/fs/WindowsException'{0x000000008b45a738}> (0x000000008b45a738) 
thrown [s\open\src\hotspot\share\prims\jni.cpp, line 516]
Event: 0.117 Thread 0x00000193a2ae95f0 Exception <a 'sun/nio/fs/WindowsException'{0x000000008b45cd10}> (0x000000008b45cd10) 
thrown [s\open\src\hotspot\share\prims\jni.cpp, line 516]
Event: 0.117 Thread 0x00000193a2ae95f0 Exception <a 'sun/nio/fs/WindowsException'{0x000000008b45d878}> (0x000000008b45d878) 
thrown [s\open\src\hotspot\share\prims\jni.cpp, line 516]

VM Operations (2 events):
Event: 0.118 Executing VM operation: HandshakeAllThreads
Event: 0.118 Executing VM operation: HandshakeAllThreads done

Events (20 events):
Event: 0.144 loading class java/security/UnresolvedPermission done
Event: 0.144 loading class java/security/SecureClassLoader$DebugHolder
Event: 0.144 loading class java/security/SecureClassLoader$DebugHolder done
Event: 0.144 loading class sun/security/util/Debug
Event: 0.144 loading class sun/security/util/Debug done
Event: 0.145 loading class javax/swing/JFrame
Event: 0.145 loading class javax/swing/WindowConstants
Event: 0.145 loading class javax/swing/WindowConstants done
Event: 0.145 loading class javax/accessibility/Accessible
Event: 0.145 loading class javax/accessibility/Accessible done
Event: 0.145 loading class javax/swing/RootPaneContainer
Event: 0.145 loading class javax/swing/RootPaneContainer done
Event: 0.145 loading class javax/swing/TransferHandler$HasGetTransferHandler
Event: 0.145 loading class javax/swing/TransferHandler$HasGetTransferHandler done
Event: 0.145 loading class java/awt/Frame
Event: 0.145 loading class java/awt/MenuContainer
Event: 0.145 loading class java/awt/MenuContainer done
Event: 0.145 loading class java/awt/Window
Event: 0.145 loading class java/awt/Container
Event: 0.146 loading class java/awt/Component


Dynamic libraries:
0x00007ff6f56a0000 - 0x00007ff6f56b0000 	C:\Program Files\Java\jdk-17.0.5\bin\java.exe
0x00007ffd1bb60000 - 0x00007ffd1bd69000 	C:\WINDOWS\SYSTEM32\ntdll.dll
0x00007ffcf7150000 - 0x00007ffcf7167000 	C:\Program Files\Avast Software\Avast\aswhook.dll
0x00007ffd1b0a0000 - 0x00007ffd1b15e000 	C:\WINDOWS\System32\KERNEL32.DLL
0x00007ffd19180000 - 0x00007ffd194fb000 	C:\WINDOWS\System32\KERNELBASE.dll
0x00007ffd13070000 - 0x00007ffd13102000 	C:\WINDOWS\SYSTEM32\apphelp.dll
0x00007ffd19750000 - 0x00007ffd19861000 	C:\WINDOWS\System32\ucrtbase.dll
0x00007ffd12dd0000 - 0x00007ffd12de8000 	C:\Program Files\Java\jdk-17.0.5\bin\jli.dll
0x00007ffd0f8a0000 - 0x00007ffd0f8ba000 	C:\Program Files\Java\jdk-17.0.5\bin\VCRUNTIME140.dll
0x00007ffd1b3d0000 - 0x00007ffd1b47e000 	C:\WINDOWS\System32\ADVAPI32.dll
0x00007ffd1b790000 - 0x00007ffd1b833000 	C:\WINDOWS\System32\msvcrt.dll
0x00007ffd1b840000 - 0x00007ffd1b8de000 	C:\WINDOWS\System32\sechost.dll
0x00007ffd19b60000 - 0x00007ffd19c80000 	C:\WINDOWS\System32\RPCRT4.dll
0x00007ffd1b8e0000 - 0x00007ffd1ba8d000 	C:\WINDOWS\System32\USER32.dll
0x00007ffd19030000 - 0x00007ffd19056000 	C:\WINDOWS\System32\win32u.dll
0x00007ffcfb070000 - 0x00007ffcfb315000 	C:\WINDOWS\WinSxS\amd64_microsoft.windows.common-controls_6595b64144ccf1df_6.0.22000.120_none_9d947278b86cc467\COMCTL32.dll
0x00007ffd19cc0000 - 0x00007ffd19ce9000 	C:\WINDOWS\System32\GDI32.dll
0x00007ffd19630000 - 0x00007ffd19748000 	C:\WINDOWS\System32\gdi32full.dll
0x00007ffd190e0000 - 0x00007ffd1917d000 	C:\WINDOWS\System32\msvcp_win.dll
0x00007ffd10140000 - 0x00007ffd1014a000 	C:\WINDOWS\SYSTEM32\VERSION.dll
0x00007ffd19c80000 - 0x00007ffd19cb2000 	C:\WINDOWS\System32\IMM32.DLL
0x00007ffd12eb0000 - 0x00007ffd12ebc000 	C:\Program Files\Java\jdk-17.0.5\bin\vcruntime140_1.dll
0x00007ffcedce0000 - 0x00007ffcedd6d000 	C:\Program Files\Java\jdk-17.0.5\bin\msvcp140.dll
0x00007ffcc0010000 - 0x00007ffcc0bd2000 	C:\Program Files\Java\jdk-17.0.5\bin\server\jvm.dll
0x00007ffd1afa0000 - 0x00007ffd1afa8000 	C:\WINDOWS\System32\PSAPI.DLL
0x00007ffd10b90000 - 0x00007ffd10bc3000 	C:\WINDOWS\SYSTEM32\WINMM.dll
0x00007ffd06570000 - 0x00007ffd06579000 	C:\WINDOWS\SYSTEM32\WSOCK32.dll
0x00007ffd1b360000 - 0x00007ffd1b3cf000 	C:\WINDOWS\System32\WS2_32.dll
0x00007ffd180b0000 - 0x00007ffd180c8000 	C:\WINDOWS\SYSTEM32\kernel.appcore.dll
0x00007ffd122c0000 - 0x00007ffd122ca000 	C:\Program Files\Java\jdk-17.0.5\bin\jimage.dll
0x00007ffd13630000 - 0x00007ffd13851000 	C:\WINDOWS\SYSTEM32\DBGHELP.DLL
0x00007ffd0c650000 - 0x00007ffd0c681000 	C:\WINDOWS\SYSTEM32\dbgcore.DLL
0x00007ffd19060000 - 0x00007ffd190df000 	C:\WINDOWS\System32\bcryptPrimitives.dll
0x00007ffd050d0000 - 0x00007ffd050f5000 	C:\Program Files\Java\jdk-17.0.5\bin\java.dll
0x00007ffcee270000 - 0x00007ffcee346000 	C:\Program Files\Java\jdk-17.0.5\bin\jsvml.dll
0x00007ffd1a1b0000 - 0x00007ffd1a967000 	C:\WINDOWS\System32\SHELL32.dll
0x00007ffd17120000 - 0x00007ffd17985000 	C:\WINDOWS\SYSTEM32\windows.storage.dll
0x00007ffd19d70000 - 0x00007ffd1a0e8000 	C:\WINDOWS\System32\combase.dll
0x00007ffd16fb0000 - 0x00007ffd17116000 	C:\WINDOWS\SYSTEM32\wintypes.dll
0x00007ffd1afb0000 - 0x00007ffd1b09a000 	C:\WINDOWS\System32\SHCORE.dll
0x00007ffd1b570000 - 0x00007ffd1b5cd000 	C:\WINDOWS\System32\shlwapi.dll
0x00007ffd18f60000 - 0x00007ffd18f81000 	C:\WINDOWS\SYSTEM32\profapi.dll
0x00007ffd050b0000 - 0x00007ffd050c9000 	C:\Program Files\Java\jdk-17.0.5\bin\net.dll
0x00007ffd0f4d0000 - 0x00007ffd0f5e4000 	C:\WINDOWS\SYSTEM32\WINHTTP.dll
0x00007ffd18550000 - 0x00007ffd185b7000 	C:\WINDOWS\system32\mswsock.dll
0x00007ffd018a0000 - 0x00007ffd018b6000 	C:\Program Files\Java\jdk-17.0.5\bin\nio.dll
0x00007ffcff300000 - 0x00007ffcff318000 	C:\Program Files\Java\jdk-17.0.5\bin\zip.dll

dbghelp: loaded successfully - version: 4.0.5 - missing functions: none
symbol engine: initialized successfully - sym options: 0x614 - pdb path: .;C:\Program Files\Java\jdk-17.0.5\bin;C:\WINDOWS\SYSTEM32;C:\Program Files\Avast Software\Avast;C:\WINDOWS\WinSxS\amd64_microsoft.windows.common-controls_6595b64144ccf1df_6.0.22000.120_none_9d947278b86cc467;C:\Program Files\Java\jdk-17.0.5\bin\server

VM Arguments:
jvm_args: -Dfile.encoding=UTF-8 --module-path=C:\Users\NIDHI SHAH\Documents\NetBeansProjects\Electricity Billing System\build\classes 
java_command: electricity.billing.system.Project
java_class_path (initial): C:\Users\NIDHI SHAH\Downloads\mysql-connector-java-8.0.28.jar;C:\Users\NIDHI SHAH\Documents\NetBeansProjects\Electricity Billing System\build\classes
Launcher Type: SUN_STANDARD

[Global flags]
     intx CICompilerCount                          = 4                                         {product} {ergonomic}
     uint ConcGCThreads                            = 2                                         {product} {ergonomic}
     uint G1ConcRefinementThreads                  = 8                                         {product} {ergonomic}
   size_t G1HeapRegionSize                         = 1048576                                   {product} {ergonomic}
    uintx GCDrainStackTargetSize                   = 64                                        {product} {ergonomic}
   size_t InitialHeapSize                          = 132120576                                 {product} {ergonomic}
   size_t MarkStackSize                            = 4194304                                   {product} {ergonomic}
   size_t MaxHeapSize                              = 2088763392                                {product} {ergonomic}
   size_t MaxNewSize                               = 1253048320                                {product} {ergonomic}
   size_t MinHeapDeltaBytes                        = 1048576                                   {product} {ergonomic}
   size_t MinHeapSize                              = 8388608                                   {product} {ergonomic}
    uintx NonNMethodCodeHeapSize                   = 5839372                                {pd product} {ergonomic}
    uintx NonProfiledCodeHeapSize                  = 122909434                              {pd product} {ergonomic}
    uintx ProfiledCodeHeapSize                     = 122909434                              {pd product} {ergonomic}
    uintx ReservedCodeCacheSize                    = 251658240                              {pd product} {ergonomic}
     bool SegmentedCodeCache                       = true                                      {product} {ergonomic}
   size_t SoftMaxHeapSize                          = 2088763392                             {manageable} {ergonomic}
     bool UseCompressedClassPointers               = true                           {product lp64_product} {ergonomic}
     bool UseCompressedOops                        = true                           {product lp64_product} {ergonomic}
     bool UseG1GC                                  = true                                      {product} {ergonomic}
     bool UseLargePagesIndividualAllocation        = false                                  {pd product} {ergonomic}

Logging:
Log output configuration:
 #0: stdout all=warning uptime,level,tags
 #1: stderr all=off uptime,level,tags

Environment Variables:
JAVA_HOME=C:\Program Files\Java\jdk-17.0.5\bin
PATH=C:\Program Files (x86)\Common Files\Oracle\Java\javapath;C:\oraclexe\app\oracle\product\10.2.0\server\bin;C:\Program Files\Common Files\Oracle\Java\javapath;C:\WINDOWS\system32;C:\WINDOWS;C:\WINDOWS\System32\Wbem;C:\WINDOWS\System32\WindowsPowerShell\v1.0\;C:\WINDOWS\System32\OpenSSH\;C:\Program Files\Java\jdk-15.0.2\bin;C:\apache-maven-3.6.3\bin;C:\MinGw\bin\;C:\Program Files (x86)\nodejs\;C:\apache-tomcat-10.0.22\bin;C:\Program Files\Java\jre1.8.0_333\bin;C:\Program Files\Git\cmd;C:\Program Files\Java\jdk-17.0.5\bin;C:\Program Files\MySQL\MySQL Shell 8.0\bin\;C:\Users\NIDHI SHAH\AppData\Local\Microsoft\WindowsApps;C:\Users\NIDHI SHAH\AppData\Local\Programs\Microsoft VS Code\bin;C:\Program Files (x86)\mingw-w64\i686-8.1.0-posix-dwarf-rt_v6-rev0\mingw32\bin;C:\Program Files (x86)\mingw-w64\i686-8.1.0-posix-dwarf-rt_v6-rev0\mingw32\bin;C:\Users\NIDHI SHAH\AppData\Roaming\npm
USERNAME=NIDHI SHAH
OS=Windows_NT
PROCESSOR_IDENTIFIER=Intel64 Family 6 Model 126 Stepping 5, GenuineIntel



---------------  S Y S T E M  ---------------

OS:
 Windows 11 , 64 bit Build 22000 (10.0.22000.1335)
OS uptime: 3 days 11:36 hours

CPU: total 8 (initial active 8) (4 cores per cpu, 2 threads per core) family 6 model 126 stepping 5 microcode 0xa0, cx8, cmov, fxsr, ht, mmx, 3dnowpref, sse, sse2, sse3, ssse3, sse4.1, sse4.2, popcnt, lzcnt, tsc, tscinvbit, avx, avx2, aes, erms, clmul, bmi1, bmi2, adx, avx512f, avx512dq, avx512cd, avx512bw, avx512vl, sha, fma, vzeroupper, avx512_vpopcntdq, avx512_vpclmulqdq, avx512_vaes, avx512_vnni, clflush, clflushopt, avx512_vbmi2, avx512_vbmi

Memory: 4k page, system-wide physical 7967M (1296M free)
TotalPageFile size 32543M (AvailPageFile size 3M)
current process WorkingSet (physical memory assigned to process): 34M, peak: 34M
current process commit charge ("private bytes"): 204M, peak: 204M

vm_info: Java HotSpot(TM) 64-Bit Server VM (17.0.5+9-LTS-191) for windows-amd64 JRE (17.0.5+9-LTS-191), built on Sep 13 2022 17:31:43 by "mach5one" with MS VC++ 16.8 / 16.9 (VS2019)

END.
