#
# There is insufficient memory for the Java Runtime Environment to continue.
# Native memory allocation (malloc) failed to allocate 46736 bytes for Chunk::new
# Possible reasons:
#   The system is out of physical RAM or swap space
#   The process is running with CompressedOops enabled, and the Java Heap may be blocking the growth of the native heap
# Possible solutions:
#   Reduce memory load on the system
#   Increase physical memory or swap space
#   Check if swap backing store is full
#   Decrease Java heap size (-Xmx/-Xms)
#   Decrease number of Java threads
#   Decrease Java thread stack sizes (-Xss)
#   Set larger code cache with -XX:ReservedCodeCacheSize=
#   JVM is running with Unscaled Compressed Oops mode in which the Java heap is
#     placed in the first 4GB address space. The Java Heap base address is the
#     maximum limit for the native heap growth. Please use -XX:HeapBaseMinAddress
#     to set the Java Heap base and to place the Java Heap above 4GB virtual address.
# This output file may be truncated or incomplete.
#
#  Out of Memory Error (arena.cpp:189), pid=18948, tid=24980
#
# JRE version: Java(TM) SE Runtime Environment (17.0.5+9) (build 17.0.5+9-LTS-191)
# Java VM: Java HotSpot(TM) 64-Bit Server VM (17.0.5+9-LTS-191, mixed mode, sharing, tiered, compressed oops, compressed class ptrs, g1 gc, windows-amd64)
# No core dump will be written. Minidumps are not enabled by default on client versions of Windows
#

---------------  S U M M A R Y ------------

Command Line: -Dfile.encoding=UTF-8 --module-path=C:\Users\NIDHI SHAH\Documents\NetBeansProjects\Electricity Billing System\build\classes electricity.billing.system.Project

Host: Intel(R) Core(TM) i5-1035G1 CPU @ 1.00GHz, 8 cores, 7G,  Windows 11 , 64 bit Build 22000 (10.0.22000.1335)
Time: Mon Jan  2 23:52:32 2023 India Standard Time elapsed time: 0.396684 seconds (0d 0h 0m 0s)

---------------  T H R E A D  ---------------

Current thread (0x000001fbcc688690):  JavaThread "C2 CompilerThread0" daemon [_thread_in_native, id=24980, stack(0x000000793db00000,0x000000793dc00000)]


Current CompileTask:
C2:    396  716 % !   4       sun.awt.image.PNGImageDecoder::produceImage @ 960 (1917 bytes)

Stack: [0x000000793db00000,0x000000793dc00000]
Native frames: (J=compiled Java code, j=interpreted, Vv=VM code, C=native code)
V  [jvm.dll+0x672eea]
V  [jvm.dll+0x7d2a04]
V  [jvm.dll+0x7d41ae]
V  [jvm.dll+0x7d4813]
V  [jvm.dll+0x242c15]
V  [jvm.dll+0xaa57b]
V  [jvm.dll+0xaab0c]
V  [jvm.dll+0x55cc53]
V  [jvm.dll+0x1b95aa]
V  [jvm.dll+0x215e19]
V  [jvm.dll+0x2150e1]
V  [jvm.dll+0x1a18ed]
V  [jvm.dll+0x22493a]
V  [jvm.dll+0x222aa5]
V  [jvm.dll+0x7885db]
V  [jvm.dll+0x782b4a]
V  [jvm.dll+0x671d75]
C  [ucrtbase.dll+0x26c0c]
C  [KERNEL32.DLL+0x155a0]
C  [ntdll.dll+0x485b]


---------------  P R O C E S S  ---------------

Threads class SMR info:
_java_thread_list=0x000001fbcdef0430, length=18, elements={
0x000001fbae6b5220, 0x000001fbcc65d420, 0x000001fbcc65dfd0, 0x000001fbcc672830,
0x000001fbcc6731e0, 0x000001fbcc674fd0, 0x000001fbcc676990, 0x000001fbcc688690,
0x000001fbcc68a350, 0x000001fbcc68d1b0, 0x000001fbcc646da0, 0x000001fbcd0fa830,
0x000001fbcd1201e0, 0x000001fbcd2c4a40, 0x000001fbcd2f5f00, 0x000001fbcd2ff200,
0x000001fbcd37dfe0, 0x000001fbcdfb8dc0
}

Java Threads: ( => current thread )
  0x000001fbae6b5220 JavaThread "main" [_thread_blocked, id=16788, stack(0x000000793ce00000,0x000000793cf00000)]
  0x000001fbcc65d420 JavaThread "Reference Handler" daemon [_thread_blocked, id=25100, stack(0x000000793d500000,0x000000793d600000)]
  0x000001fbcc65dfd0 JavaThread "Finalizer" daemon [_thread_blocked, id=25940, stack(0x000000793d600000,0x000000793d700000)]
  0x000001fbcc672830 JavaThread "Signal Dispatcher" daemon [_thread_blocked, id=12448, stack(0x000000793d700000,0x000000793d800000)]
  0x000001fbcc6731e0 JavaThread "Attach Listener" daemon [_thread_blocked, id=12828, stack(0x000000793d800000,0x000000793d900000)]
  0x000001fbcc674fd0 JavaThread "Service Thread" daemon [_thread_blocked, id=15816, stack(0x000000793d900000,0x000000793da00000)]
  0x000001fbcc676990 JavaThread "Monitor Deflation Thread" daemon [_thread_blocked, id=25236, stack(0x000000793da00000,0x000000793db00000)]
=>0x000001fbcc688690 JavaThread "C2 CompilerThread0" daemon [_thread_in_native, id=24980, stack(0x000000793db00000,0x000000793dc00000)]
  0x000001fbcc68a350 JavaThread "C1 CompilerThread0" daemon [_thread_blocked, id=25324, stack(0x000000793dc00000,0x000000793dd00000)]
  0x000001fbcc68d1b0 JavaThread "Sweeper thread" daemon [_thread_blocked, id=26196, stack(0x000000793dd00000,0x000000793de00000)]
  0x000001fbcc646da0 JavaThread "Common-Cleaner" daemon [_thread_blocked, id=26644, stack(0x000000793de00000,0x000000793df00000)]
  0x000001fbcd0fa830 JavaThread "C2 CompilerThread1" daemon [_thread_in_native, id=25636, stack(0x000000793df00000,0x000000793e000000)]
  0x000001fbcd1201e0 JavaThread "Notification Thread" daemon [_thread_blocked, id=18172, stack(0x000000793e000000,0x000000793e100000)]
  0x000001fbcd2c4a40 JavaThread "Java2D Disposer" daemon [_thread_blocked, id=14392, stack(0x000000793e200000,0x000000793e300000)]
  0x000001fbcd2f5f00 JavaThread "AWT-Shutdown" [_thread_blocked, id=25596, stack(0x000000793e300000,0x000000793e400000)]
  0x000001fbcd2ff200 JavaThread "AWT-Windows" daemon [_thread_in_native, id=22460, stack(0x000000793e400000,0x000000793e500000)]
  0x000001fbcd37dfe0 JavaThread "Image Fetcher 0" daemon [_thread_blocked, id=27636, stack(0x000000793e500000,0x000000793e600000)]
  0x000001fbcdfb8dc0 JavaThread "Image Fetcher 1" daemon [_thread_in_native, id=27460, stack(0x000000793e600000,0x000000793e700000)]

Other Threads:
  0x000001fbcc657980 VMThread "VM Thread" [stack: 0x000000793d400000,0x000000793d500000] [id=23636]
  0x000001fbae73d040 WatcherThread [stack: 0x000000793e100000,0x000000793e200000] [id=25412]
  0x000001fbae70e9e0 GCTaskThread "GC Thread#0" [stack: 0x000000793cf00000,0x000000793d000000] [id=25568]
  0x000001fbae71f450 ConcurrentGCThread "G1 Main Marker" [stack: 0x000000793d000000,0x000000793d100000] [id=16136]
  0x000001fbae720600 ConcurrentGCThread "G1 Conc#0" [stack: 0x000000793d100000,0x000000793d200000] [id=20768]
  0x000001fbae78d7f0 ConcurrentGCThread "G1 Refine#0" [stack: 0x000000793d200000,0x000000793d300000] [id=8020]
  0x000001fbae78e0b0 ConcurrentGCThread "G1 Service" [stack: 0x000000793d300000,0x000000793d400000] [id=24536]

Threads with active compile tasks:
C2 CompilerThread0      418  716 % !   4       sun.awt.image.PNGImageDecoder::produceImage @ 960 (1917 bytes)
C2 CompilerThread1      418  745 %     4       sun.awt.image.PNGImageDecoder::update_crc @ 3 (41 bytes)

VM state: not at safepoint (normal execution)

VM Mutex/Monitor currently owned by a thread: None

Heap address: 0x0000000083800000, size: 1992 MB, Compressed Oops mode: 32-bit

CDS archive(s) mapped at: [0x0000000800000000-0x0000000800bd0000-0x0000000800bd0000), size 12386304, SharedBaseAddress: 0x0000000800000000, ArchiveRelocationMode: 0.
Compressed class space mapped at: 0x0000000800c00000-0x0000000840c00000, reserved size: 1073741824
Narrow klass base: 0x0000000800000000, Narrow klass shift: 0, Narrow klass range: 0x100000000

GC Precious Log:
 CPUs: 8 total, 8 available
 Memory: 7967M
 Large Page Support: Disabled
 NUMA Support: Disabled
 Compressed Oops: Enabled (32-bit)
 Heap Region Size: 1M
 Heap Min Capacity: 8M
 Heap Initial Capacity: 126M
 Heap Max Capacity: 1992M
 Pre-touch: Disabled
 Parallel Workers: 8
 Concurrent Workers: 2
 Concurrent Refinement Workers: 8
 Periodic GC: Disabled

Heap:
 garbage-first heap   total 129024K, used 47104K [0x0000000083800000, 0x0000000100000000)
  region size 1024K, 18 young (18432K), 0 survivors (0K)
 Metaspace       used 5371K, committed 5504K, reserved 1056768K
  class space    used 561K, committed 640K, reserved 1048576K

Heap Regions: E=young(eden), S=young(survivor), O=old, HS=humongous(starts), HC=humongous(continues), CS=collection set, F=free, OA=open archive, CA=closed archive, TAMS=top-at-mark-start (previous, next)
|   0|0x0000000083800000, 0x0000000083900000, 0x0000000083900000|100%|HS|  |TAMS 0x0000000083800000, 0x0000000083800000| Complete 
|   1|0x0000000083900000, 0x0000000083a00000, 0x0000000083a00000|100%|HC|  |TAMS 0x0000000083900000, 0x0000000083900000| Complete 
|   2|0x0000000083a00000, 0x0000000083b00000, 0x0000000083b00000|100%|HC|  |TAMS 0x0000000083a00000, 0x0000000083a00000| Complete 
|   3|0x0000000083b00000, 0x0000000083c00000, 0x0000000083c00000|100%|HC|  |TAMS 0x0000000083b00000, 0x0000000083b00000| Complete 
|   4|0x0000000083c00000, 0x0000000083d00000, 0x0000000083d00000|100%|HS|  |TAMS 0x0000000083c00000, 0x0000000083c00000| Complete 
|   5|0x0000000083d00000, 0x0000000083e00000, 0x0000000083e00000|100%|HC|  |TAMS 0x0000000083d00000, 0x0000000083d00000| Complete 
|   6|0x0000000083e00000, 0x0000000083f00000, 0x0000000083f00000|100%|HC|  |TAMS 0x0000000083e00000, 0x0000000083e00000| Complete 
|   7|0x0000000083f00000, 0x0000000084000000, 0x0000000084000000|100%|HC|  |TAMS 0x0000000083f00000, 0x0000000083f00000| Complete 
|   8|0x0000000084000000, 0x0000000084100000, 0x0000000084100000|100%|HC|  |TAMS 0x0000000084000000, 0x0000000084000000| Complete 
|   9|0x0000000084100000, 0x0000000084200000, 0x0000000084200000|100%|HC|  |TAMS 0x0000000084100000, 0x0000000084100000| Complete 
|  10|0x0000000084200000, 0x0000000084300000, 0x0000000084300000|100%|HS|  |TAMS 0x0000000084200000, 0x0000000084200000| Complete 
|  11|0x0000000084300000, 0x0000000084400000, 0x0000000084400000|100%|HC|  |TAMS 0x0000000084300000, 0x0000000084300000| Complete 
|  12|0x0000000084400000, 0x0000000084500000, 0x0000000084500000|100%|HS|  |TAMS 0x0000000084400000, 0x0000000084400000| Complete 
|  13|0x0000000084500000, 0x0000000084600000, 0x0000000084600000|100%|HC|  |TAMS 0x0000000084500000, 0x0000000084500000| Complete 
|  14|0x0000000084600000, 0x0000000084700000, 0x0000000084700000|100%|HC|  |TAMS 0x0000000084600000, 0x0000000084600000| Complete 
|  15|0x0000000084700000, 0x0000000084800000, 0x0000000084800000|100%|HC|  |TAMS 0x0000000084700000, 0x0000000084700000| Complete 
|  16|0x0000000084800000, 0x0000000084900000, 0x0000000084900000|100%|HC|  |TAMS 0x0000000084800000, 0x0000000084800000| Complete 
|  17|0x0000000084900000, 0x0000000084a00000, 0x0000000084a00000|100%|HC|  |TAMS 0x0000000084900000, 0x0000000084900000| Complete 
|  18|0x0000000084a00000, 0x0000000084b00000, 0x0000000084b00000|100%|HC|  |TAMS 0x0000000084a00000, 0x0000000084a00000| Complete 
|  19|0x0000000084b00000, 0x0000000084c00000, 0x0000000084c00000|100%|HC|  |TAMS 0x0000000084b00000, 0x0000000084b00000| Complete 
|  20|0x0000000084c00000, 0x0000000084d00000, 0x0000000084d00000|100%|HC|  |TAMS 0x0000000084c00000, 0x0000000084c00000| Complete 
|  21|0x0000000084d00000, 0x0000000084e00000, 0x0000000084e00000|100%|HC|  |TAMS 0x0000000084d00000, 0x0000000084d00000| Complete 
|  22|0x0000000084e00000, 0x0000000084f00000, 0x0000000084f00000|100%|HC|  |TAMS 0x0000000084e00000, 0x0000000084e00000| Complete 
|  23|0x0000000084f00000, 0x0000000085000000, 0x0000000085000000|100%|HC|  |TAMS 0x0000000084f00000, 0x0000000084f00000| Complete 
|  24|0x0000000085000000, 0x0000000085100000, 0x0000000085100000|100%|HC|  |TAMS 0x0000000085000000, 0x0000000085000000| Complete 
|  25|0x0000000085100000, 0x0000000085200000, 0x0000000085200000|100%|HC|  |TAMS 0x0000000085100000, 0x0000000085100000| Complete 
|  26|0x0000000085200000, 0x0000000085300000, 0x0000000085300000|100%|HC|  |TAMS 0x0000000085200000, 0x0000000085200000| Complete 
|  27|0x0000000085300000, 0x0000000085400000, 0x0000000085400000|100%|HC|  |TAMS 0x0000000085300000, 0x0000000085300000| Complete 
|  28|0x0000000085400000, 0x0000000085500000, 0x0000000085500000|100%|HC|  |TAMS 0x0000000085400000, 0x0000000085400000| Complete 
|  29|0x0000000085500000, 0x0000000085500000, 0x0000000085600000|  0%| F|  |TAMS 0x0000000085500000, 0x0000000085500000| Untracked 
|  30|0x0000000085600000, 0x0000000085600000, 0x0000000085700000|  0%| F|  |TAMS 0x0000000085600000, 0x0000000085600000| Untracked 
|  31|0x0000000085700000, 0x0000000085700000, 0x0000000085800000|  0%| F|  |TAMS 0x0000000085700000, 0x0000000085700000| Untracked 
|  32|0x0000000085800000, 0x0000000085800000, 0x0000000085900000|  0%| F|  |TAMS 0x0000000085800000, 0x0000000085800000| Untracked 
|  33|0x0000000085900000, 0x0000000085900000, 0x0000000085a00000|  0%| F|  |TAMS 0x0000000085900000, 0x0000000085900000| Untracked 
|  34|0x0000000085a00000, 0x0000000085a00000, 0x0000000085b00000|  0%| F|  |TAMS 0x0000000085a00000, 0x0000000085a00000| Untracked 
|  35|0x0000000085b00000, 0x0000000085b00000, 0x0000000085c00000|  0%| F|  |TAMS 0x0000000085b00000, 0x0000000085b00000| Untracked 
|  36|0x0000000085c00000, 0x0000000085c00000, 0x0000000085d00000|  0%| F|  |TAMS 0x0000000085c00000, 0x0000000085c00000| Untracked 
|  37|0x0000000085d00000, 0x0000000085d00000, 0x0000000085e00000|  0%| F|  |TAMS 0x0000000085d00000, 0x0000000085d00000| Untracked 
|  38|0x0000000085e00000, 0x0000000085e00000, 0x0000000085f00000|  0%| F|  |TAMS 0x0000000085e00000, 0x0000000085e00000| Untracked 
|  39|0x0000000085f00000, 0x0000000085f00000, 0x0000000086000000|  0%| F|  |TAMS 0x0000000085f00000, 0x0000000085f00000| Untracked 
|  40|0x0000000086000000, 0x0000000086000000, 0x0000000086100000|  0%| F|  |TAMS 0x0000000086000000, 0x0000000086000000| Untracked 
|  41|0x0000000086100000, 0x0000000086100000, 0x0000000086200000|  0%| F|  |TAMS 0x0000000086100000, 0x0000000086100000| Untracked 
|  42|0x0000000086200000, 0x0000000086200000, 0x0000000086300000|  0%| F|  |TAMS 0x0000000086200000, 0x0000000086200000| Untracked 
|  43|0x0000000086300000, 0x0000000086300000, 0x0000000086400000|  0%| F|  |TAMS 0x0000000086300000, 0x0000000086300000| Untracked 
|  44|0x0000000086400000, 0x0000000086400000, 0x0000000086500000|  0%| F|  |TAMS 0x0000000086400000, 0x0000000086400000| Untracked 
|  45|0x0000000086500000, 0x0000000086500000, 0x0000000086600000|  0%| F|  |TAMS 0x0000000086500000, 0x0000000086500000| Untracked 
|  46|0x0000000086600000, 0x0000000086600000, 0x0000000086700000|  0%| F|  |TAMS 0x0000000086600000, 0x0000000086600000| Untracked 
|  47|0x0000000086700000, 0x0000000086700000, 0x0000000086800000|  0%| F|  |TAMS 0x0000000086700000, 0x0000000086700000| Untracked 
|  48|0x0000000086800000, 0x0000000086800000, 0x0000000086900000|  0%| F|  |TAMS 0x0000000086800000, 0x0000000086800000| Untracked 
|  49|0x0000000086900000, 0x0000000086900000, 0x0000000086a00000|  0%| F|  |TAMS 0x0000000086900000, 0x0000000086900000| Untracked 
|  50|0x0000000086a00000, 0x0000000086a00000, 0x0000000086b00000|  0%| F|  |TAMS 0x0000000086a00000, 0x0000000086a00000| Untracked 
|  51|0x0000000086b00000, 0x0000000086b00000, 0x0000000086c00000|  0%| F|  |TAMS 0x0000000086b00000, 0x0000000086b00000| Untracked 
|  52|0x0000000086c00000, 0x0000000086c00000, 0x0000000086d00000|  0%| F|  |TAMS 0x0000000086c00000, 0x0000000086c00000| Untracked 
|  53|0x0000000086d00000, 0x0000000086d00000, 0x0000000086e00000|  0%| F|  |TAMS 0x0000000086d00000, 0x0000000086d00000| Untracked 
|  54|0x0000000086e00000, 0x0000000086e00000, 0x0000000086f00000|  0%| F|  |TAMS 0x0000000086e00000, 0x0000000086e00000| Untracked 
|  55|0x0000000086f00000, 0x0000000086f00000, 0x0000000087000000|  0%| F|  |TAMS 0x0000000086f00000, 0x0000000086f00000| Untracked 
|  56|0x0000000087000000, 0x0000000087000000, 0x0000000087100000|  0%| F|  |TAMS 0x0000000087000000, 0x0000000087000000| Untracked 
|  57|0x0000000087100000, 0x0000000087100000, 0x0000000087200000|  0%| F|  |TAMS 0x0000000087100000, 0x0000000087100000| Untracked 
|  58|0x0000000087200000, 0x0000000087200000, 0x0000000087300000|  0%| F|  |TAMS 0x0000000087200000, 0x0000000087200000| Untracked 
|  59|0x0000000087300000, 0x0000000087300000, 0x0000000087400000|  0%| F|  |TAMS 0x0000000087300000, 0x0000000087300000| Untracked 
|  60|0x0000000087400000, 0x0000000087400000, 0x0000000087500000|  0%| F|  |TAMS 0x0000000087400000, 0x0000000087400000| Untracked 
|  61|0x0000000087500000, 0x0000000087500000, 0x0000000087600000|  0%| F|  |TAMS 0x0000000087500000, 0x0000000087500000| Untracked 
|  62|0x0000000087600000, 0x0000000087600000, 0x0000000087700000|  0%| F|  |TAMS 0x0000000087600000, 0x0000000087600000| Untracked 
|  63|0x0000000087700000, 0x0000000087700000, 0x0000000087800000|  0%| F|  |TAMS 0x0000000087700000, 0x0000000087700000| Untracked 
|  64|0x0000000087800000, 0x0000000087800000, 0x0000000087900000|  0%| F|  |TAMS 0x0000000087800000, 0x0000000087800000| Untracked 
|  65|0x0000000087900000, 0x0000000087900000, 0x0000000087a00000|  0%| F|  |TAMS 0x0000000087900000, 0x0000000087900000| Untracked 
|  66|0x0000000087a00000, 0x0000000087a00000, 0x0000000087b00000|  0%| F|  |TAMS 0x0000000087a00000, 0x0000000087a00000| Untracked 
|  67|0x0000000087b00000, 0x0000000087b00000, 0x0000000087c00000|  0%| F|  |TAMS 0x0000000087b00000, 0x0000000087b00000| Untracked 
|  68|0x0000000087c00000, 0x0000000087c00000, 0x0000000087d00000|  0%| F|  |TAMS 0x0000000087c00000, 0x0000000087c00000| Untracked 
|  69|0x0000000087d00000, 0x0000000087d00000, 0x0000000087e00000|  0%| F|  |TAMS 0x0000000087d00000, 0x0000000087d00000| Untracked 
|  70|0x0000000087e00000, 0x0000000087e00000, 0x0000000087f00000|  0%| F|  |TAMS 0x0000000087e00000, 0x0000000087e00000| Untracked 
|  71|0x0000000087f00000, 0x0000000087f00000, 0x0000000088000000|  0%| F|  |TAMS 0x0000000087f00000, 0x0000000087f00000| Untracked 
|  72|0x0000000088000000, 0x0000000088000000, 0x0000000088100000|  0%| F|  |TAMS 0x0000000088000000, 0x0000000088000000| Untracked 
|  73|0x0000000088100000, 0x0000000088100000, 0x0000000088200000|  0%| F|  |TAMS 0x0000000088100000, 0x0000000088100000| Untracked 
|  74|0x0000000088200000, 0x0000000088200000, 0x0000000088300000|  0%| F|  |TAMS 0x0000000088200000, 0x0000000088200000| Untracked 
|  75|0x0000000088300000, 0x0000000088300000, 0x0000000088400000|  0%| F|  |TAMS 0x0000000088300000, 0x0000000088300000| Untracked 
|  76|0x0000000088400000, 0x0000000088400000, 0x0000000088500000|  0%| F|  |TAMS 0x0000000088400000, 0x0000000088400000| Untracked 
|  77|0x0000000088500000, 0x0000000088500000, 0x0000000088600000|  0%| F|  |TAMS 0x0000000088500000, 0x0000000088500000| Untracked 
|  78|0x0000000088600000, 0x0000000088600000, 0x0000000088700000|  0%| F|  |TAMS 0x0000000088600000, 0x0000000088600000| Untracked 
|  79|0x0000000088700000, 0x0000000088700000, 0x0000000088800000|  0%| F|  |TAMS 0x0000000088700000, 0x0000000088700000| Untracked 
|  80|0x0000000088800000, 0x0000000088800000, 0x0000000088900000|  0%| F|  |TAMS 0x0000000088800000, 0x0000000088800000| Untracked 
|  81|0x0000000088900000, 0x0000000088900000, 0x0000000088a00000|  0%| F|  |TAMS 0x0000000088900000, 0x0000000088900000| Untracked 
|  82|0x0000000088a00000, 0x0000000088a00000, 0x0000000088b00000|  0%| F|  |TAMS 0x0000000088a00000, 0x0000000088a00000| Untracked 
|  83|0x0000000088b00000, 0x0000000088b00000, 0x0000000088c00000|  0%| F|  |TAMS 0x0000000088b00000, 0x0000000088b00000| Untracked 
|  84|0x0000000088c00000, 0x0000000088c00000, 0x0000000088d00000|  0%| F|  |TAMS 0x0000000088c00000, 0x0000000088c00000| Untracked 
|  85|0x0000000088d00000, 0x0000000088d00000, 0x0000000088e00000|  0%| F|  |TAMS 0x0000000088d00000, 0x0000000088d00000| Untracked 
|  86|0x0000000088e00000, 0x0000000088e00000, 0x0000000088f00000|  0%| F|  |TAMS 0x0000000088e00000, 0x0000000088e00000| Untracked 
|  87|0x0000000088f00000, 0x0000000088f00000, 0x0000000089000000|  0%| F|  |TAMS 0x0000000088f00000, 0x0000000088f00000| Untracked 
|  88|0x0000000089000000, 0x0000000089000000, 0x0000000089100000|  0%| F|  |TAMS 0x0000000089000000, 0x0000000089000000| Untracked 
|  89|0x0000000089100000, 0x0000000089100000, 0x0000000089200000|  0%| F|  |TAMS 0x0000000089100000, 0x0000000089100000| Untracked 
|  90|0x0000000089200000, 0x0000000089200000, 0x0000000089300000|  0%| F|  |TAMS 0x0000000089200000, 0x0000000089200000| Untracked 
|  91|0x0000000089300000, 0x0000000089300000, 0x0000000089400000|  0%| F|  |TAMS 0x0000000089300000, 0x0000000089300000| Untracked 
|  92|0x0000000089400000, 0x0000000089400000, 0x0000000089500000|  0%| F|  |TAMS 0x0000000089400000, 0x0000000089400000| Untracked 
|  93|0x0000000089500000, 0x0000000089500000, 0x0000000089600000|  0%| F|  |TAMS 0x0000000089500000, 0x0000000089500000| Untracked 
|  94|0x0000000089600000, 0x0000000089600000, 0x0000000089700000|  0%| F|  |TAMS 0x0000000089600000, 0x0000000089600000| Untracked 
|  95|0x0000000089700000, 0x0000000089700000, 0x0000000089800000|  0%| F|  |TAMS 0x0000000089700000, 0x0000000089700000| Untracked 
|  96|0x0000000089800000, 0x0000000089800000, 0x0000000089900000|  0%| F|  |TAMS 0x0000000089800000, 0x0000000089800000| Untracked 
|  97|0x0000000089900000, 0x0000000089900000, 0x0000000089a00000|  0%| F|  |TAMS 0x0000000089900000, 0x0000000089900000| Untracked 
|  98|0x0000000089a00000, 0x0000000089a00000, 0x0000000089b00000|  0%| F|  |TAMS 0x0000000089a00000, 0x0000000089a00000| Untracked 
|  99|0x0000000089b00000, 0x0000000089b00000, 0x0000000089c00000|  0%| F|  |TAMS 0x0000000089b00000, 0x0000000089b00000| Untracked 
| 100|0x0000000089c00000, 0x0000000089c00000, 0x0000000089d00000|  0%| F|  |TAMS 0x0000000089c00000, 0x0000000089c00000| Untracked 
| 101|0x0000000089d00000, 0x0000000089d00000, 0x0000000089e00000|  0%| F|  |TAMS 0x0000000089d00000, 0x0000000089d00000| Untracked 
| 102|0x0000000089e00000, 0x0000000089e00000, 0x0000000089f00000|  0%| F|  |TAMS 0x0000000089e00000, 0x0000000089e00000| Untracked 
| 103|0x0000000089f00000, 0x0000000089f00000, 0x000000008a000000|  0%| F|  |TAMS 0x0000000089f00000, 0x0000000089f00000| Untracked 
| 104|0x000000008a000000, 0x000000008a000000, 0x000000008a100000|  0%| F|  |TAMS 0x000000008a000000, 0x000000008a000000| Untracked 
| 105|0x000000008a100000, 0x000000008a100000, 0x000000008a200000|  0%| F|  |TAMS 0x000000008a100000, 0x000000008a100000| Untracked 
| 106|0x000000008a200000, 0x000000008a200000, 0x000000008a300000|  0%| F|  |TAMS 0x000000008a200000, 0x000000008a200000| Untracked 
| 107|0x000000008a300000, 0x000000008a300000, 0x000000008a400000|  0%| F|  |TAMS 0x000000008a300000, 0x000000008a300000| Untracked 
| 108|0x000000008a400000, 0x000000008a4ef610, 0x000000008a500000| 93%| E|  |TAMS 0x000000008a400000, 0x000000008a400000| Complete 
| 109|0x000000008a500000, 0x000000008a600000, 0x000000008a600000|100%| E|CS|TAMS 0x000000008a500000, 0x000000008a500000| Complete 
| 110|0x000000008a600000, 0x000000008a700000, 0x000000008a700000|100%| E|CS|TAMS 0x000000008a600000, 0x000000008a600000| Complete 
| 111|0x000000008a700000, 0x000000008a800000, 0x000000008a800000|100%| E|CS|TAMS 0x000000008a700000, 0x000000008a700000| Complete 
| 112|0x000000008a800000, 0x000000008a900000, 0x000000008a900000|100%| E|CS|TAMS 0x000000008a800000, 0x000000008a800000| Complete 
| 113|0x000000008a900000, 0x000000008aa00000, 0x000000008aa00000|100%| E|CS|TAMS 0x000000008a900000, 0x000000008a900000| Complete 
| 114|0x000000008aa00000, 0x000000008ab00000, 0x000000008ab00000|100%| E|CS|TAMS 0x000000008aa00000, 0x000000008aa00000| Complete 
| 115|0x000000008ab00000, 0x000000008ac00000, 0x000000008ac00000|100%| E|CS|TAMS 0x000000008ab00000, 0x000000008ab00000| Complete 
| 116|0x000000008ac00000, 0x000000008ad00000, 0x000000008ad00000|100%| E|CS|TAMS 0x000000008ac00000, 0x000000008ac00000| Complete 
| 117|0x000000008ad00000, 0x000000008ae00000, 0x000000008ae00000|100%| E|CS|TAMS 0x000000008ad00000, 0x000000008ad00000| Complete 
| 118|0x000000008ae00000, 0x000000008af00000, 0x000000008af00000|100%| E|CS|TAMS 0x000000008ae00000, 0x000000008ae00000| Complete 
| 119|0x000000008af00000, 0x000000008b000000, 0x000000008b000000|100%| E|CS|TAMS 0x000000008af00000, 0x000000008af00000| Complete 
| 120|0x000000008b000000, 0x000000008b100000, 0x000000008b100000|100%| E|CS|TAMS 0x000000008b000000, 0x000000008b000000| Complete 
| 121|0x000000008b100000, 0x000000008b200000, 0x000000008b200000|100%| E|CS|TAMS 0x000000008b100000, 0x000000008b100000| Complete 
| 122|0x000000008b200000, 0x000000008b300000, 0x000000008b300000|100%| E|CS|TAMS 0x000000008b200000, 0x000000008b200000| Complete 
| 123|0x000000008b300000, 0x000000008b400000, 0x000000008b400000|100%| E|CS|TAMS 0x000000008b300000, 0x000000008b300000| Complete 
| 124|0x000000008b400000, 0x000000008b500000, 0x000000008b500000|100%| E|CS|TAMS 0x000000008b400000, 0x000000008b400000| Complete 
| 125|0x000000008b500000, 0x000000008b600000, 0x000000008b600000|100%| E|CS|TAMS 0x000000008b500000, 0x000000008b500000| Complete 

Card table byte_map: [0x000001fbc5650000,0x000001fbc5a40000] _byte_map_base: 0x000001fbc5234000

Marking Bits (Prev, Next): (CMBitMap*) 0x000001fbae70eff0, (CMBitMap*) 0x000001fbae70f030
 Prev Bits: [0x000001fbc5e30000, 0x000001fbc7d50000)
 Next Bits: [0x000001fbc7d50000, 0x000001fbc9c70000)

Polling page: 0x000001fbade90000

Metaspace:

Usage:
  Non-class:      4.70 MB used.
      Class:    561.79 KB used.
       Both:      5.25 MB used.

Virtual space:
  Non-class space:        8.00 MB reserved,       4.75 MB ( 59%) committed,  1 nodes.
      Class space:        1.00 GB reserved,     640.00 KB ( <1%) committed,  1 nodes.
             Both:        1.01 GB reserved,       5.38 MB ( <1%) committed. 

Chunk freelists:
   Non-Class:  2.90 MB
       Class:  3.25 MB
        Both:  6.15 MB

MaxMetaspaceSize: unlimited
CompressedClassSpaceSize: 1.00 GB
Initial GC threshold: 21.00 MB
Current GC threshold: 21.00 MB
CDS: on
MetaspaceReclaimPolicy: balanced
 - commit_granule_bytes: 65536.
 - commit_granule_words: 8192.
 - virtual_space_node_default_size: 1048576.
 - enlarge_chunks_in_place: 1.
 - new_chunks_are_fully_committed: 0.
 - uncommit_free_chunks: 1.
 - use_allocation_guard: 0.
 - handle_deallocations: 1.


Internal statistics:

num_allocs_failed_limit: 0.
num_arena_births: 98.
num_arena_deaths: 0.
num_vsnodes_births: 2.
num_vsnodes_deaths: 0.
num_space_committed: 86.
num_space_uncommitted: 0.
num_chunks_returned_to_freelist: 0.
num_chunks_taken_from_freelist: 132.
num_chunk_merges: 0.
num_chunk_splits: 72.
num_chunks_enlarged: 20.
num_purges: 0.
num_inconsistent_stats: 0.

CodeHeap 'non-profiled nmethods': size=120000Kb used=223Kb max_used=223Kb free=119776Kb
 bounds [0x000001fbbda00000, 0x000001fbbdc70000, 0x000001fbc4f30000]
CodeHeap 'profiled nmethods': size=120000Kb used=1220Kb max_used=1220Kb free=118779Kb
 bounds [0x000001fbb64d0000, 0x000001fbb6740000, 0x000001fbbda00000]
CodeHeap 'non-nmethods': size=5760Kb used=1224Kb max_used=1239Kb free=4535Kb
 bounds [0x000001fbb5f30000, 0x000001fbb61a0000, 0x000001fbb64d0000]
 total_blobs=1266 nmethods=744 adapters=435
 compilation: enabled
              stopped_count=0, restarted_count=0
 full_count=0

Compilation events (20 events):
Event: 0.377 Thread 0x000001fbcc68a350  717       3       sun.awt.image.PNGImageDecoder::sendPixels (44 bytes)
Event: 0.377 Thread 0x000001fbcc68a350 nmethod 717 0x000001fbb65f5690 code [0x000001fbb65f5840, 0x000001fbb65f5ac8]
Event: 0.378 Thread 0x000001fbcc68a350  718       3       java.util.zip.InflaterInputStream::ensureOpen (18 bytes)
Event: 0.378 Thread 0x000001fbcc68a350 nmethod 718 0x000001fbb65f5b90 code [0x000001fbb65f5d40, 0x000001fbb65f5f48]
Event: 0.386 Thread 0x000001fbcc68a350  719       3       java.util.zip.Inflater::ensureOpen (47 bytes)
Event: 0.386 Thread 0x000001fbcc68a350 nmethod 719 0x000001fbb65f6010 code [0x000001fbb65f61c0, 0x000001fbb65f6428]
Event: 0.386 Thread 0x000001fbcc68a350  720   !   3       java.util.zip.Inflater::inflate (418 bytes)
Event: 0.387 Thread 0x000001fbcc68a350 nmethod 720 0x000001fbb65f6510 code [0x000001fbb65f67e0, 0x000001fbb65f79a8]
Event: 0.387 Thread 0x000001fbcc68a350  722   !   3       java.util.zip.Inflater::finished (19 bytes)
Event: 0.387 Thread 0x000001fbcc68a350 nmethod 722 0x000001fbb65f8390 code [0x000001fbb65f8520, 0x000001fbb65f8718]
Event: 0.388 Thread 0x000001fbcc68a350  724       3       java.awt.image.ReplicateScaleFilter::setPixels (226 bytes)
Event: 0.389 Thread 0x000001fbcc68a350 nmethod 724 0x000001fbb65f8810 code [0x000001fbb65f8a20, 0x000001fbb65f93f8]
Event: 0.389 Thread 0x000001fbcc68a350  725       3       java.io.BufferedInputStream::getInIfOpen (21 bytes)
Event: 0.389 Thread 0x000001fbcc68a350 nmethod 725 0x000001fbb65f9810 code [0x000001fbb65f99c0, 0x000001fbb65f9bc8]
Event: 0.389 Thread 0x000001fbcc68a350  726       3       java.io.BufferedInputStream::fill (203 bytes)
Event: 0.390 Thread 0x000001fbcc68a350 nmethod 726 0x000001fbb65f9c90 code [0x000001fbb65f9f00, 0x000001fbb65fab68]
Event: 0.392 Thread 0x000001fbcc68a350  727   !   3       java.util.zip.InflaterInputStream::read (138 bytes)
Event: 0.393 Thread 0x000001fbcc68a350 nmethod 727 0x000001fbb65faf10 code [0x000001fbb65fb1c0, 0x000001fbb65fbe98]
Event: 0.393 Thread 0x000001fbcc68a350  728       3       java.util.zip.InflaterInputStream::available (32 bytes)
Event: 0.393 Thread 0x000001fbcc68a350 nmethod 728 0x000001fbb65fc410 code [0x000001fbb65fc5e0, 0x000001fbb65fca88]

GC Heap History (0 events):
No events

Deoptimization events (20 events):
Event: 0.330 Thread 0x000001fbcd37dfe0 DEOPT PACKING pc=0x000001fbb65d5e99 sp=0x000000793e5fe590
Event: 0.330 Thread 0x000001fbcd37dfe0 DEOPT UNPACKING pc=0x000001fbb5f866e3 sp=0x000000793e5fda20 mode 0
Event: 0.331 Thread 0x000001fbcd37dfe0 DEOPT PACKING pc=0x000001fbb65d5e99 sp=0x000000793e5fe590
Event: 0.331 Thread 0x000001fbcd37dfe0 DEOPT UNPACKING pc=0x000001fbb5f866e3 sp=0x000000793e5fda20 mode 0
Event: 0.331 Thread 0x000001fbcd37dfe0 DEOPT PACKING pc=0x000001fbb65d5e99 sp=0x000000793e5fe590
Event: 0.331 Thread 0x000001fbcd37dfe0 DEOPT UNPACKING pc=0x000001fbb5f866e3 sp=0x000000793e5fda20 mode 0
Event: 0.331 Thread 0x000001fbcd37dfe0 DEOPT PACKING pc=0x000001fbb65d5e99 sp=0x000000793e5fe590
Event: 0.331 Thread 0x000001fbcd37dfe0 DEOPT UNPACKING pc=0x000001fbb5f866e3 sp=0x000000793e5fda20 mode 0
Event: 0.332 Thread 0x000001fbcd37dfe0 DEOPT PACKING pc=0x000001fbb65d5e99 sp=0x000000793e5fe590
Event: 0.332 Thread 0x000001fbcd37dfe0 DEOPT UNPACKING pc=0x000001fbb5f866e3 sp=0x000000793e5fda20 mode 0
Event: 0.332 Thread 0x000001fbcd37dfe0 DEOPT PACKING pc=0x000001fbb65d5e99 sp=0x000000793e5fe590
Event: 0.332 Thread 0x000001fbcd37dfe0 DEOPT UNPACKING pc=0x000001fbb5f866e3 sp=0x000000793e5fda20 mode 0
Event: 0.339 Thread 0x000001fbae6b5220 Uncommon trap: trap_request=0xffffffde fr.pc=0x000001fbbda2cca0 relative=0x00000000000003e0
Event: 0.339 Thread 0x000001fbae6b5220 Uncommon trap: reason=class_check action=maybe_recompile pc=0x000001fbbda2cca0 method=java.util.HashMap.getNode(Ljava/lang/Object;)Ljava/util/HashMap$Node; @ 128 c2
Event: 0.339 Thread 0x000001fbae6b5220 DEOPT PACKING pc=0x000001fbbda2cca0 sp=0x000000793cefe8b0
Event: 0.339 Thread 0x000001fbae6b5220 DEOPT UNPACKING pc=0x000001fbb5f85ba3 sp=0x000000793cefe828 mode 2
Event: 0.384 Thread 0x000001fbcd37dfe0 Uncommon trap: trap_request=0xffffff45 fr.pc=0x000001fbbda323b0 relative=0x00000000000007f0
Event: 0.384 Thread 0x000001fbcd37dfe0 Uncommon trap: reason=unstable_if action=reinterpret pc=0x000001fbbda323b0 method=java.awt.image.ReplicateScaleFilter.setPixels(IIIILjava/awt/image/ColorModel;[III)V @ 4 c2
Event: 0.384 Thread 0x000001fbcd37dfe0 DEOPT PACKING pc=0x000001fbbda323b0 sp=0x000000793e5ff110
Event: 0.384 Thread 0x000001fbcd37dfe0 DEOPT UNPACKING pc=0x000001fbb5f85ba3 sp=0x000000793e5ff078 mode 2

Classes unloaded (0 events):
No events

Classes redefined (0 events):
No events

Internal exceptions (16 events):
Event: 0.069 Thread 0x000001fbae6b5220 Exception <a 'sun/nio/fs/WindowsException'{0x000000008b4400a0}> (0x000000008b4400a0) 
thrown [s\open\src\hotspot\share\prims\jni.cpp, line 516]
Event: 0.070 Thread 0x000001fbae6b5220 Exception <a 'sun/nio/fs/WindowsException'{0x000000008b440650}> (0x000000008b440650) 
thrown [s\open\src\hotspot\share\prims\jni.cpp, line 516]
Event: 0.073 Thread 0x000001fbae6b5220 Exception <a 'sun/nio/fs/WindowsException'{0x000000008b442c28}> (0x000000008b442c28) 
thrown [s\open\src\hotspot\share\prims\jni.cpp, line 516]
Event: 0.073 Thread 0x000001fbae6b5220 Exception <a 'sun/nio/fs/WindowsException'{0x000000008b443790}> (0x000000008b443790) 
thrown [s\open\src\hotspot\share\prims\jni.cpp, line 516]
Event: 0.114 Thread 0x000001fbae6b5220 Exception <a 'java/lang/ClassNotFoundException'{0x000000008b30f828}: sun/awt/resources/spi/awtProvider> (0x000000008b30f828) 
thrown [s\open\src\hotspot\share\classfile\systemDictionary.cpp, line 256]
Event: 0.130 Thread 0x000001fbae6b5220 Exception <a 'java/io/FileNotFoundException'{0x000000008b3628b0}> (0x000000008b3628b0) 
thrown [s\open\src\hotspot\share\prims\jni.cpp, line 516]
Event: 0.136 Thread 0x000001fbae6b5220 Exception <a 'java/io/FileNotFoundException'{0x000000008b38fa08}> (0x000000008b38fa08) 
thrown [s\open\src\hotspot\share\prims\jni.cpp, line 516]
Event: 0.171 Thread 0x000001fbae6b5220 Exception <a 'java/lang/NoSuchMethodError'{0x000000008b3d3bb8}: 'java.lang.Object java.lang.invoke.DirectMethodHandle$Holder.invokeStaticInit(java.lang.Object)'> (0x000000008b3d3bb8) 
thrown [s\open\src\hotspot\share\interpreter\linkResolver.cpp, line 759]
Event: 0.198 Thread 0x000001fbae6b5220 Exception <a 'java/lang/NoSuchMethodError'{0x000000008b231a30}: 'void java.lang.invoke.DirectMethodHandle$Holder.invokeSpecial(java.lang.Object, java.lang.Object, java.lang.Object)'> (0x000000008b231a30) 
thrown [s\open\src\hotspot\share\interpreter\linkResolver.cpp, line 759]
Event: 0.204 Thread 0x000001fbae6b5220 Exception <a 'java/lang/NoSuchMethodError'{0x000000008b25bc68}: 'java.lang.Object java.lang.invoke.DirectMethodHandle$Holder.newInvokeSpecial(java.lang.Object, java.lang.Object, java.lang.Object, java.lang.Object, java.lang.Object)'> (0x000000008b25bc68) 
thrown [s\open\src\hotspot\share\interpreter\linkResolver.cpp, line 759]
Event: 0.207 Thread 0x000001fbae6b5220 Exception <a 'java/lang/NoSuchMethodError'{0x000000008b267630}: 'java.lang.Object java.lang.invoke.DirectMethodHandle$Holder.invokeStatic(java.lang.Object, int, java.lang.Object, java.lang.Object, java.lang.Object, java.lang.Object)'> (0x000000008b267630) 
thrown [s\open\src\hotspot\share\interpreter\linkResolver.cpp, line 759]
Event: 0.212 Thread 0x000001fbae6b5220 Exception <a 'java/lang/NoSuchMethodError'{0x000000008b28d368}: 'java.lang.Object java.lang.invoke.DirectMethodHandle$Holder.invokeStatic(java.lang.Object, int, java.lang.Object)'> (0x000000008b28d368) 
thrown [s\open\src\hotspot\share\interpreter\linkResolver.cpp, line 759]
Event: 0.237 Thread 0x000001fbae6b5220 Exception <a 'java/lang/ClassNotFoundException'{0x000000008b145378}: com/sun/swing/internal/plaf/metal/resources/spi/metalProvider> (0x000000008b145378) 
thrown [s\open\src\hotspot\share\classfile\systemDictionary.cpp, line 256]
Event: 0.237 Thread 0x000001fbae6b5220 Exception <a 'java/lang/ClassNotFoundException'{0x000000008b1491d0}: com/sun/swing/internal/plaf/basic/resources/spi/basicProvider> (0x000000008b1491d0) 
thrown [s\open\src\hotspot\share\classfile\systemDictionary.cpp, line 256]
Event: 0.289 Thread 0x000001fbcd37dfe0 Exception <a 'java/lang/NoSuchMethodError'{0x000000008b0ea2c8}: 'java.lang.Object java.lang.invoke.DirectMethodHandle$Holder.newInvokeSpecial(java.lang.Object, java.lang.Object, java.lang.Object, int, int, int, int, int)'> (0x000000008b0ea2c8) 
thrown [s\open\src\hotspot\share\interpreter\linkResolver.cpp, line 759]
Event: 0.384 Thread 0x000001fbcd37dfe0 Implicit null exception at 0x000001fbbda31c0a to 0x000001fbbda32390

VM Operations (6 events):
Event: 0.075 Executing VM operation: HandshakeAllThreads
Event: 0.075 Executing VM operation: HandshakeAllThreads done
Event: 0.307 Executing VM operation: HandshakeAllThreads
Event: 0.307 Executing VM operation: HandshakeAllThreads done
Event: 0.337 Executing VM operation: HandshakeAllThreads
Event: 0.337 Executing VM operation: HandshakeAllThreads done

Events (20 events):
Event: 0.364 loading class javax/swing/plaf/basic/BasicPopupMenuUI$BasicPopupMenuListener
Event: 0.364 loading class javax/swing/event/PopupMenuListener
Event: 0.364 loading class javax/swing/event/PopupMenuListener done
Event: 0.364 loading class javax/swing/plaf/basic/BasicPopupMenuUI$BasicPopupMenuListener done
Event: 0.364 loading class javax/swing/plaf/basic/BasicPopupMenuUI$BasicMenuKeyListener
Event: 0.364 loading class javax/swing/plaf/basic/BasicPopupMenuUI$BasicMenuKeyListener done
Event: 0.364 loading class javax/swing/plaf/basic/BasicPopupMenuUI$MouseGrabber
Event: 0.364 loading class javax/swing/plaf/basic/BasicPopupMenuUI$MouseGrabber done
Event: 0.364 loading class javax/swing/MenuSelectionManager
Event: 0.365 loading class javax/swing/MenuSelectionManager done
Event: 0.365 loading class javax/swing/plaf/basic/BasicPopupMenuUI$MenuKeyboardHelper
Event: 0.365 loading class javax/swing/plaf/basic/BasicPopupMenuUI$MenuKeyboardHelper done
Event: 0.365 loading class javax/swing/plaf/basic/BasicPopupMenuUI$MenuKeyboardHelper$1
Event: 0.365 loading class java/awt/event/FocusAdapter
Event: 0.365 loading class java/awt/event/FocusAdapter done
Event: 0.365 loading class javax/swing/plaf/basic/BasicPopupMenuUI$MenuKeyboardHelper$1 done
Event: 0.365 loading class javax/swing/JMenu$WinListener
Event: 0.365 loading class java/awt/event/WindowAdapter
Event: 0.365 loading class java/awt/event/WindowAdapter done
Event: 0.365 loading class javax/swing/JMenu$WinListener done


Dynamic libraries:
0x00007ff6f56a0000 - 0x00007ff6f56b0000 	C:\Program Files\Java\jdk-17.0.5\bin\java.exe
0x00007ffd1bb60000 - 0x00007ffd1bd69000 	C:\WINDOWS\SYSTEM32\ntdll.dll
0x00007ffcf7150000 - 0x00007ffcf7167000 	C:\Program Files\Avast Software\Avast\aswhook.dll
0x00007ffd1b0a0000 - 0x00007ffd1b15e000 	C:\WINDOWS\System32\KERNEL32.DLL
0x00007ffd19180000 - 0x00007ffd194fb000 	C:\WINDOWS\System32\KERNELBASE.dll
0x00007ffd19750000 - 0x00007ffd19861000 	C:\WINDOWS\System32\ucrtbase.dll
0x00007ffd12dd0000 - 0x00007ffd12de8000 	C:\Program Files\Java\jdk-17.0.5\bin\jli.dll
0x00007ffd0f8a0000 - 0x00007ffd0f8ba000 	C:\Program Files\Java\jdk-17.0.5\bin\VCRUNTIME140.dll
0x00007ffd1b3d0000 - 0x00007ffd1b47e000 	C:\WINDOWS\System32\ADVAPI32.dll
0x00007ffd1b790000 - 0x00007ffd1b833000 	C:\WINDOWS\System32\msvcrt.dll
0x00007ffd1b840000 - 0x00007ffd1b8de000 	C:\WINDOWS\System32\sechost.dll
0x00007ffd19b60000 - 0x00007ffd19c80000 	C:\WINDOWS\System32\RPCRT4.dll
0x00007ffd1b8e0000 - 0x00007ffd1ba8d000 	C:\WINDOWS\System32\USER32.dll
0x00007ffd19030000 - 0x00007ffd19056000 	C:\WINDOWS\System32\win32u.dll
0x00007ffcfb070000 - 0x00007ffcfb315000 	C:\WINDOWS\WinSxS\amd64_microsoft.windows.common-controls_6595b64144ccf1df_6.0.22000.120_none_9d947278b86cc467\COMCTL32.dll
0x00007ffd19cc0000 - 0x00007ffd19ce9000 	C:\WINDOWS\System32\GDI32.dll
0x00007ffd19630000 - 0x00007ffd19748000 	C:\WINDOWS\System32\gdi32full.dll
0x00007ffd190e0000 - 0x00007ffd1917d000 	C:\WINDOWS\System32\msvcp_win.dll
0x00007ffd10140000 - 0x00007ffd1014a000 	C:\WINDOWS\SYSTEM32\VERSION.dll
0x00007ffd19c80000 - 0x00007ffd19cb2000 	C:\WINDOWS\System32\IMM32.DLL
0x00007ffd12eb0000 - 0x00007ffd12ebc000 	C:\Program Files\Java\jdk-17.0.5\bin\vcruntime140_1.dll
0x00007ffcedce0000 - 0x00007ffcedd6d000 	C:\Program Files\Java\jdk-17.0.5\bin\msvcp140.dll
0x00007ffcc0010000 - 0x00007ffcc0bd2000 	C:\Program Files\Java\jdk-17.0.5\bin\server\jvm.dll
0x00007ffd1afa0000 - 0x00007ffd1afa8000 	C:\WINDOWS\System32\PSAPI.DLL
0x00007ffd06570000 - 0x00007ffd06579000 	C:\WINDOWS\SYSTEM32\WSOCK32.dll
0x00007ffd10b90000 - 0x00007ffd10bc3000 	C:\WINDOWS\SYSTEM32\WINMM.dll
0x00007ffd1b360000 - 0x00007ffd1b3cf000 	C:\WINDOWS\System32\WS2_32.dll
0x00007ffd180b0000 - 0x00007ffd180c8000 	C:\WINDOWS\SYSTEM32\kernel.appcore.dll
0x00007ffd122c0000 - 0x00007ffd122ca000 	C:\Program Files\Java\jdk-17.0.5\bin\jimage.dll
0x00007ffd13630000 - 0x00007ffd13851000 	C:\WINDOWS\SYSTEM32\DBGHELP.DLL
0x00007ffd0c650000 - 0x00007ffd0c681000 	C:\WINDOWS\SYSTEM32\dbgcore.DLL
0x00007ffd19060000 - 0x00007ffd190df000 	C:\WINDOWS\System32\bcryptPrimitives.dll
0x00007ffd050d0000 - 0x00007ffd050f5000 	C:\Program Files\Java\jdk-17.0.5\bin\java.dll
0x00007ffcee270000 - 0x00007ffcee346000 	C:\Program Files\Java\jdk-17.0.5\bin\jsvml.dll
0x00007ffd1a1b0000 - 0x00007ffd1a967000 	C:\WINDOWS\System32\SHELL32.dll
0x00007ffd17120000 - 0x00007ffd17985000 	C:\WINDOWS\SYSTEM32\windows.storage.dll
0x00007ffd19d70000 - 0x00007ffd1a0e8000 	C:\WINDOWS\System32\combase.dll
0x00007ffd16fb0000 - 0x00007ffd17116000 	C:\WINDOWS\SYSTEM32\wintypes.dll
0x00007ffd1afb0000 - 0x00007ffd1b09a000 	C:\WINDOWS\System32\SHCORE.dll
0x00007ffd1b570000 - 0x00007ffd1b5cd000 	C:\WINDOWS\System32\shlwapi.dll
0x00007ffd18f60000 - 0x00007ffd18f81000 	C:\WINDOWS\SYSTEM32\profapi.dll
0x00007ffd050b0000 - 0x00007ffd050c9000 	C:\Program Files\Java\jdk-17.0.5\bin\net.dll
0x00007ffd0f4d0000 - 0x00007ffd0f5e4000 	C:\WINDOWS\SYSTEM32\WINHTTP.dll
0x00007ffd18550000 - 0x00007ffd185b7000 	C:\WINDOWS\system32\mswsock.dll
0x00007ffd018a0000 - 0x00007ffd018b6000 	C:\Program Files\Java\jdk-17.0.5\bin\nio.dll
0x00007ffcff300000 - 0x00007ffcff318000 	C:\Program Files\Java\jdk-17.0.5\bin\zip.dll
0x00007ffcd5bb0000 - 0x00007ffcd5d3f000 	C:\Program Files\Java\jdk-17.0.5\bin\awt.dll
0x00007ffd1b490000 - 0x00007ffd1b566000 	C:\WINDOWS\System32\OLEAUT32.dll
0x00007ffd13070000 - 0x00007ffd13102000 	C:\WINDOWS\SYSTEM32\apphelp.dll
0x00007ffd13960000 - 0x00007ffd1398f000 	C:\WINDOWS\system32\DWMAPI.DLL
0x00007ffd13310000 - 0x00007ffd133bc000 	C:\WINDOWS\system32\uxtheme.dll
0x00007ffcd9e00000 - 0x00007ffcd9f01000 	C:\WINDOWS\system32\opengl32.dll
0x00007ffcdf7f0000 - 0x00007ffcdf81d000 	C:\WINDOWS\SYSTEM32\GLU32.dll
0x00007ffd13420000 - 0x00007ffd13458000 	C:\WINDOWS\SYSTEM32\dxcore.dll
0x00007ffd1aa00000 - 0x00007ffd1ab1d000 	C:\WINDOWS\System32\MSCTF.dll
0x00007ffd1b160000 - 0x00007ffd1b2fa000 	C:\WINDOWS\System32\ole32.dll
0x00007ffcf9950000 - 0x00007ffcf997d000 	C:\Program Files\Java\jdk-17.0.5\bin\javajpeg.dll

dbghelp: loaded successfully - version: 4.0.5 - missing functions: none
symbol engine: initialized successfully - sym options: 0x614 - pdb path: .;C:\Program Files\Java\jdk-17.0.5\bin;C:\WINDOWS\SYSTEM32;C:\Program Files\Avast Software\Avast;C:\WINDOWS\WinSxS\amd64_microsoft.windows.common-controls_6595b64144ccf1df_6.0.22000.120_none_9d947278b86cc467;C:\Program Files\Java\jdk-17.0.5\bin\server

VM Arguments:
jvm_args: -Dfile.encoding=UTF-8 --module-path=C:\Users\NIDHI SHAH\Documents\NetBeansProjects\Electricity Billing System\build\classes 
java_command: electricity.billing.system.Project
java_class_path (initial): C:\Users\NIDHI SHAH\Downloads\mysql-connector-java-8.0.28.jar;C:\Users\NIDHI SHAH\Documents\NetBeansProjects\Electricity Billing System\build\classes
Launcher Type: SUN_STANDARD

[Global flags]
     intx CICompilerCount                          = 4                                         {product} {ergonomic}
     uint ConcGCThreads                            = 2                                         {product} {ergonomic}
     uint G1ConcRefinementThreads                  = 8                                         {product} {ergonomic}
   size_t G1HeapRegionSize                         = 1048576                                   {product} {ergonomic}
    uintx GCDrainStackTargetSize                   = 64                                        {product} {ergonomic}
   size_t InitialHeapSize                          = 132120576                                 {product} {ergonomic}
   size_t MarkStackSize                            = 4194304                                   {product} {ergonomic}
   size_t MaxHeapSize                              = 2088763392                                {product} {ergonomic}
   size_t MaxNewSize                               = 1253048320                                {product} {ergonomic}
   size_t MinHeapDeltaBytes                        = 1048576                                   {product} {ergonomic}
   size_t MinHeapSize                              = 8388608                                   {product} {ergonomic}
    uintx NonNMethodCodeHeapSize                   = 5839372                                {pd product} {ergonomic}
    uintx NonProfiledCodeHeapSize                  = 122909434                              {pd product} {ergonomic}
    uintx ProfiledCodeHeapSize                     = 122909434                              {pd product} {ergonomic}
    uintx ReservedCodeCacheSize                    = 251658240                              {pd product} {ergonomic}
     bool SegmentedCodeCache                       = true                                      {product} {ergonomic}
   size_t SoftMaxHeapSize                          = 2088763392                             {manageable} {ergonomic}
     bool UseCompressedClassPointers               = true                           {product lp64_product} {ergonomic}
     bool UseCompressedOops                        = true                           {product lp64_product} {ergonomic}
     bool UseG1GC                                  = true                                      {product} {ergonomic}
     bool UseLargePagesIndividualAllocation        = false                                  {pd product} {ergonomic}

Logging:
Log output configuration:
 #0: stdout all=warning uptime,level,tags
 #1: stderr all=off uptime,level,tags

Environment Variables:
JAVA_HOME=C:\Program Files\Java\jdk-17.0.5\bin
PATH=C:\Program Files (x86)\Common Files\Oracle\Java\javapath;C:\oraclexe\app\oracle\product\10.2.0\server\bin;C:\Program Files\Common Files\Oracle\Java\javapath;C:\WINDOWS\system32;C:\WINDOWS;C:\WINDOWS\System32\Wbem;C:\WINDOWS\System32\WindowsPowerShell\v1.0\;C:\WINDOWS\System32\OpenSSH\;C:\Program Files\Java\jdk-15.0.2\bin;C:\apache-maven-3.6.3\bin;C:\MinGw\bin\;C:\Program Files (x86)\nodejs\;C:\apache-tomcat-10.0.22\bin;C:\Program Files\Java\jre1.8.0_333\bin;C:\Program Files\Git\cmd;C:\Program Files\Java\jdk-17.0.5\bin;C:\Program Files\MySQL\MySQL Shell 8.0\bin\;C:\Users\NIDHI SHAH\AppData\Local\Microsoft\WindowsApps;C:\Users\NIDHI SHAH\AppData\Local\Programs\Microsoft VS Code\bin;C:\Program Files (x86)\mingw-w64\i686-8.1.0-posix-dwarf-rt_v6-rev0\mingw32\bin;C:\Program Files (x86)\mingw-w64\i686-8.1.0-posix-dwarf-rt_v6-rev0\mingw32\bin;C:\Users\NIDHI SHAH\AppData\Roaming\npm
USERNAME=NIDHI SHAH
OS=Windows_NT
PROCESSOR_IDENTIFIER=Intel64 Family 6 Model 126 Stepping 5, GenuineIntel



---------------  S Y S T E M  ---------------

OS:
 Windows 11 , 64 bit Build 22000 (10.0.22000.1335)
OS uptime: 3 days 11:40 hours

CPU: total 8 (initial active 8) (4 cores per cpu, 2 threads per core) family 6 model 126 stepping 5 microcode 0xa0, cx8, cmov, fxsr, ht, mmx, 3dnowpref, sse, sse2, sse3, ssse3, sse4.1, sse4.2, popcnt, lzcnt, tsc, tscinvbit, avx, avx2, aes, erms, clmul, bmi1, bmi2, adx, avx512f, avx512dq, avx512cd, avx512bw, avx512vl, sha, fma, vzeroupper, avx512_vpopcntdq, avx512_vpclmulqdq, avx512_vaes, avx512_vnni, clflush, clflushopt, avx512_vbmi2, avx512_vbmi

Memory: 4k page, system-wide physical 7967M (940M free)
TotalPageFile size 32543M (AvailPageFile size 4M)
current process WorkingSet (physical memory assigned to process): 93M, peak: 93M
current process commit charge ("private bytes"): 219M, peak: 219M

vm_info: Java HotSpot(TM) 64-Bit Server VM (17.0.5+9-LTS-191) for windows-amd64 JRE (17.0.5+9-LTS-191), built on Sep 13 2022 17:31:43 by "mach5one" with MS VC++ 16.8 / 16.9 (VS2019)

END.
