#
# There is insufficient memory for the Java Runtime Environment to continue.
# Native memory allocation (mmap) failed to map 132120576 bytes for G1 virtual space
# Possible reasons:
#   The system is out of physical RAM or swap space
#   The process is running with CompressedOops enabled, and the Java Heap may be blocking the growth of the native heap
# Possible solutions:
#   Reduce memory load on the system
#   Increase physical memory or swap space
#   Check if swap backing store is full
#   Decrease Java heap size (-Xmx/-Xms)
#   Decrease number of Java threads
#   Decrease Java thread stack sizes (-Xss)
#   Set larger code cache with -XX:ReservedCodeCacheSize=
#   JVM is running with Unscaled Compressed Oops mode in which the Java heap is
#     placed in the first 4GB address space. The Java Heap base address is the
#     maximum limit for the native heap growth. Please use -XX:HeapBaseMinAddress
#     to set the Java Heap base and to place the Java Heap above 4GB virtual address.
# This output file may be truncated or incomplete.
#
#  Out of Memory Error (os_windows.cpp:3541), pid=32928, tid=11544
#
# JRE version:  (17.0.5+9) (build )
# Java VM: Java HotSpot(TM) 64-Bit Server VM (17.0.5+9-LTS-191, mixed mode, sharing, tiered, compressed oops, compressed class ptrs, g1 gc, windows-amd64)
# No core dump will be written. Minidumps are not enabled by default on client versions of Windows
#

---------------  S U M M A R Y ------------

Command Line: -Dfile.encoding=UTF-8 --module-path=C:\Users\NIDHI SHAH\Documents\NetBeansProjects\Electricity Billing System\build\classes electricity.billing.system.Project

Host: Intel(R) Core(TM) i5-1035G1 CPU @ 1.00GHz, 8 cores, 7G,  Windows 11 , 64 bit Build 22000 (10.0.22000.1335)
Time: Mon Jan  2 23:47:13 2023 India Standard Time elapsed time: 0.009730 seconds (0d 0h 0m 0s)

---------------  T H R E A D  ---------------

Current thread (0x000001d6761075c0):  JavaThread "Unknown thread" [_thread_in_vm, id=11544, stack(0x000000b5ff500000,0x000000b5ff600000)]

Stack: [0x000000b5ff500000,0x000000b5ff600000]
Native frames: (J=compiled Java code, j=interpreted, Vv=VM code, C=native code)
V  [jvm.dll+0x672eea]
V  [jvm.dll+0x7d2a04]
V  [jvm.dll+0x7d41ae]
V  [jvm.dll+0x7d4813]
V  [jvm.dll+0x242c15]
V  [jvm.dll+0x66fe09]
V  [jvm.dll+0x664682]
V  [jvm.dll+0x300e8b]
V  [jvm.dll+0x308426]
V  [jvm.dll+0x357ffe]
V  [jvm.dll+0x35822f]
V  [jvm.dll+0x2d80a8]
V  [jvm.dll+0x2d9014]
V  [jvm.dll+0x7a44e1]
V  [jvm.dll+0x365df1]
V  [jvm.dll+0x7838fc]
V  [jvm.dll+0x3e873f]
V  [jvm.dll+0x3ea1e1]
C  [jli.dll+0x527b]
C  [ucrtbase.dll+0x26c0c]
C  [KERNEL32.DLL+0x155a0]
C  [ntdll.dll+0x485b]


---------------  P R O C E S S  ---------------

Threads class SMR info:
_java_thread_list=0x00007ffcc0aaa8d8, length=0, elements={
}

Java Threads: ( => current thread )

Other Threads:
  0x000001d676160170 GCTaskThread "GC Thread#0" [stack: 0x000000b5ff600000,0x000000b5ff700000] [id=34272]
  0x000001d6761709b0 ConcurrentGCThread "G1 Main Marker" [stack: 0x000000b5ff700000,0x000000b5ff800000] [id=33672]
  0x000001d6761715f0 ConcurrentGCThread "G1 Conc#0" [stack: 0x000000b5ff800000,0x000000b5ff900000] [id=34136]

[error occurred during error reporting (printing all threads), id 0xc0000005, EXCEPTION_ACCESS_VIOLATION (0xc0000005) at pc=0x00007ffcc02f8a97]

VM state: not at safepoint (not fully initialized)

VM Mutex/Monitor currently owned by a thread:  ([mutex/lock_event])
[0x000001d676102650] Heap_lock - owner thread: 0x000001d6761075c0

Heap address: 0x0000000083800000, size: 1992 MB, Compressed Oops mode: 32-bit

CDS archive(s) mapped at: [0x0000000000000000-0x0000000000000000-0x0000000000000000), size 0, SharedBaseAddress: 0x0000000800000000, ArchiveRelocationMode: 0.
Narrow klass base: 0x0000000000000000, Narrow klass shift: 0, Narrow klass range: 0x0

GC Precious Log:
<Empty>

Heap:
 garbage-first heap   total 0K, used 0K [0x0000000083800000, 0x0000000100000000)
  region size 1024K, 0 young (0K), 0 survivors (0K)

[error occurred during error reporting (printing heap information), id 0xc0000005, EXCEPTION_ACCESS_VIOLATION (0xc0000005) at pc=0x00007ffcc06dc399]

GC Heap History (0 events):
No events

Deoptimization events (0 events):
No events

Classes unloaded (0 events):
No events

Classes redefined (0 events):
No events

Internal exceptions (0 events):
No events

VM Operations (0 events):
No events

Events (1 events):
Event: 0.005 Loaded shared library C:\Program Files\Java\jdk-17.0.5\bin\java.dll


Dynamic libraries:
0x00007ff6f56a0000 - 0x00007ff6f56b0000 	C:\Program Files\Java\jdk-17.0.5\bin\java.exe
0x00007ffd1bb60000 - 0x00007ffd1bd69000 	C:\WINDOWS\SYSTEM32\ntdll.dll
0x00007ffcf7150000 - 0x00007ffcf7167000 	C:\Program Files\Avast Software\Avast\aswhook.dll
0x00007ffd1b0a0000 - 0x00007ffd1b15e000 	C:\WINDOWS\System32\KERNEL32.DLL
0x00007ffd19180000 - 0x00007ffd194fb000 	C:\WINDOWS\System32\KERNELBASE.dll
0x00007ffd13070000 - 0x00007ffd13102000 	C:\WINDOWS\SYSTEM32\apphelp.dll
0x00007ffd19750000 - 0x00007ffd19861000 	C:\WINDOWS\System32\ucrtbase.dll
0x00007ffd12dd0000 - 0x00007ffd12de8000 	C:\Program Files\Java\jdk-17.0.5\bin\jli.dll
0x00007ffd0f8a0000 - 0x00007ffd0f8ba000 	C:\Program Files\Java\jdk-17.0.5\bin\VCRUNTIME140.dll
0x00007ffd1b3d0000 - 0x00007ffd1b47e000 	C:\WINDOWS\System32\ADVAPI32.dll
0x00007ffd1b790000 - 0x00007ffd1b833000 	C:\WINDOWS\System32\msvcrt.dll
0x00007ffd1b840000 - 0x00007ffd1b8de000 	C:\WINDOWS\System32\sechost.dll
0x00007ffd19b60000 - 0x00007ffd19c80000 	C:\WINDOWS\System32\RPCRT4.dll
0x00007ffd1b8e0000 - 0x00007ffd1ba8d000 	C:\WINDOWS\System32\USER32.dll
0x00007ffd19030000 - 0x00007ffd19056000 	C:\WINDOWS\System32\win32u.dll
0x00007ffcfb070000 - 0x00007ffcfb315000 	C:\WINDOWS\WinSxS\amd64_microsoft.windows.common-controls_6595b64144ccf1df_6.0.22000.120_none_9d947278b86cc467\COMCTL32.dll
0x00007ffd19cc0000 - 0x00007ffd19ce9000 	C:\WINDOWS\System32\GDI32.dll
0x00007ffd19630000 - 0x00007ffd19748000 	C:\WINDOWS\System32\gdi32full.dll
0x00007ffd190e0000 - 0x00007ffd1917d000 	C:\WINDOWS\System32\msvcp_win.dll
0x00007ffd10140000 - 0x00007ffd1014a000 	C:\WINDOWS\SYSTEM32\VERSION.dll
0x00007ffd19c80000 - 0x00007ffd19cb2000 	C:\WINDOWS\System32\IMM32.DLL
0x00007ffd12eb0000 - 0x00007ffd12ebc000 	C:\Program Files\Java\jdk-17.0.5\bin\vcruntime140_1.dll
0x00007ffcedce0000 - 0x00007ffcedd6d000 	C:\Program Files\Java\jdk-17.0.5\bin\msvcp140.dll
0x00007ffcc0010000 - 0x00007ffcc0bd2000 	C:\Program Files\Java\jdk-17.0.5\bin\server\jvm.dll
0x00007ffd1afa0000 - 0x00007ffd1afa8000 	C:\WINDOWS\System32\PSAPI.DLL
0x00007ffd06570000 - 0x00007ffd06579000 	C:\WINDOWS\SYSTEM32\WSOCK32.dll
0x00007ffd10b90000 - 0x00007ffd10bc3000 	C:\WINDOWS\SYSTEM32\WINMM.dll
0x00007ffd1b360000 - 0x00007ffd1b3cf000 	C:\WINDOWS\System32\WS2_32.dll
0x00007ffd180b0000 - 0x00007ffd180c8000 	C:\WINDOWS\SYSTEM32\kernel.appcore.dll
0x00007ffd122c0000 - 0x00007ffd122ca000 	C:\Program Files\Java\jdk-17.0.5\bin\jimage.dll
0x00007ffd13630000 - 0x00007ffd13851000 	C:\WINDOWS\SYSTEM32\DBGHELP.DLL
0x00007ffd0c650000 - 0x00007ffd0c681000 	C:\WINDOWS\SYSTEM32\dbgcore.DLL
0x00007ffd19060000 - 0x00007ffd190df000 	C:\WINDOWS\System32\bcryptPrimitives.dll
0x00007ffd050d0000 - 0x00007ffd050f5000 	C:\Program Files\Java\jdk-17.0.5\bin\java.dll

dbghelp: loaded successfully - version: 4.0.5 - missing functions: none
symbol engine: initialized successfully - sym options: 0x614 - pdb path: .;C:\Program Files\Java\jdk-17.0.5\bin;C:\WINDOWS\SYSTEM32;C:\Program Files\Avast Software\Avast;C:\WINDOWS\WinSxS\amd64_microsoft.windows.common-controls_6595b64144ccf1df_6.0.22000.120_none_9d947278b86cc467;C:\Program Files\Java\jdk-17.0.5\bin\server

VM Arguments:
jvm_args: -Dfile.encoding=UTF-8 --module-path=C:\Users\NIDHI SHAH\Documents\NetBeansProjects\Electricity Billing System\build\classes 
java_command: electricity.billing.system.Project
java_class_path (initial): C:\Users\NIDHI SHAH\Downloads\mysql-connector-java-8.0.28.jar;C:\Users\NIDHI SHAH\Documents\NetBeansProjects\Electricity Billing System\build\classes
Launcher Type: SUN_STANDARD

[Global flags]
     intx CICompilerCount                          = 4                                         {product} {ergonomic}
     uint ConcGCThreads                            = 2                                         {product} {ergonomic}
     uint G1ConcRefinementThreads                  = 8                                         {product} {ergonomic}
   size_t G1HeapRegionSize                         = 1048576                                   {product} {ergonomic}
    uintx GCDrainStackTargetSize                   = 64                                        {product} {ergonomic}
   size_t InitialHeapSize                          = 132120576                                 {product} {ergonomic}
   size_t MarkStackSize                            = 4194304                                   {product} {ergonomic}
   size_t MaxHeapSize                              = 2088763392                                {product} {ergonomic}
   size_t MinHeapDeltaBytes                        = 1048576                                   {product} {ergonomic}
   size_t MinHeapSize                              = 8388608                                   {product} {ergonomic}
    uintx NonNMethodCodeHeapSize                   = 5839372                                {pd product} {ergonomic}
    uintx NonProfiledCodeHeapSize                  = 122909434                              {pd product} {ergonomic}
    uintx ProfiledCodeHeapSize                     = 122909434                              {pd product} {ergonomic}
    uintx ReservedCodeCacheSize                    = 251658240                              {pd product} {ergonomic}
     bool SegmentedCodeCache                       = true                                      {product} {ergonomic}
   size_t SoftMaxHeapSize                          = 2088763392                             {manageable} {ergonomic}
     bool UseCompressedClassPointers               = true                           {product lp64_product} {ergonomic}
     bool UseCompressedOops                        = true                           {product lp64_product} {ergonomic}
     bool UseG1GC                                  = true                                      {product} {ergonomic}
     bool UseLargePagesIndividualAllocation        = false                                  {pd product} {ergonomic}

Logging:
Log output configuration:
 #0: stdout all=warning uptime,level,tags
 #1: stderr all=off uptime,level,tags

Environment Variables:
JAVA_HOME=C:\Program Files\Java\jdk-17.0.5\bin
PATH=C:\Program Files (x86)\Common Files\Oracle\Java\javapath;C:\oraclexe\app\oracle\product\10.2.0\server\bin;C:\Program Files\Common Files\Oracle\Java\javapath;C:\WINDOWS\system32;C:\WINDOWS;C:\WINDOWS\System32\Wbem;C:\WINDOWS\System32\WindowsPowerShell\v1.0\;C:\WINDOWS\System32\OpenSSH\;C:\Program Files\Java\jdk-15.0.2\bin;C:\apache-maven-3.6.3\bin;C:\MinGw\bin\;C:\Program Files (x86)\nodejs\;C:\apache-tomcat-10.0.22\bin;C:\Program Files\Java\jre1.8.0_333\bin;C:\Program Files\Git\cmd;C:\Program Files\Java\jdk-17.0.5\bin;C:\Program Files\MySQL\MySQL Shell 8.0\bin\;C:\Users\NIDHI SHAH\AppData\Local\Microsoft\WindowsApps;C:\Users\NIDHI SHAH\AppData\Local\Programs\Microsoft VS Code\bin;C:\Program Files (x86)\mingw-w64\i686-8.1.0-posix-dwarf-rt_v6-rev0\mingw32\bin;C:\Program Files (x86)\mingw-w64\i686-8.1.0-posix-dwarf-rt_v6-rev0\mingw32\bin;C:\Users\NIDHI SHAH\AppData\Roaming\npm
USERNAME=NIDHI SHAH
OS=Windows_NT
PROCESSOR_IDENTIFIER=Intel64 Family 6 Model 126 Stepping 5, GenuineIntel



---------------  S Y S T E M  ---------------

OS:
 Windows 11 , 64 bit Build 22000 (10.0.22000.1335)
OS uptime: 3 days 11:34 hours

CPU: total 8 (initial active 8) (4 cores per cpu, 2 threads per core) family 6 model 126 stepping 5 microcode 0xa0, cx8, cmov, fxsr, ht, mmx, 3dnowpref, sse, sse2, sse3, ssse3, sse4.1, sse4.2, popcnt, lzcnt, tsc, tscinvbit, avx, avx2, aes, erms, clmul, bmi1, bmi2, adx, avx512f, avx512dq, avx512cd, avx512bw, avx512vl, sha, fma, vzeroupper, avx512_vpopcntdq, avx512_vpclmulqdq, avx512_vaes, avx512_vnni, clflush, clflushopt, avx512_vbmi2, avx512_vbmi

Memory: 4k page, system-wide physical 7967M (1307M free)
TotalPageFile size 32543M (AvailPageFile size 74M)
current process WorkingSet (physical memory assigned to process): 11M, peak: 11M
current process commit charge ("private bytes"): 60M, peak: 186M

vm_info: Java HotSpot(TM) 64-Bit Server VM (17.0.5+9-LTS-191) for windows-amd64 JRE (17.0.5+9-LTS-191), built on Sep 13 2022 17:31:43 by "mach5one" with MS VC++ 16.8 / 16.9 (VS2019)

END.
